DEBUG 2012-05-09 15:56:25,509 [1] - curKey: IBurritoSvcvalue: BurritoPOS.service.Mongo.BurritoSvcMongoImplhashmap size: 1 : (C:\Users\james.bloom\Documents\Visual Studio 2010\Projects\BurritoPOS\BurritoPOS\service\Factory.cs:162) 
DEBUG 2012-05-09 15:56:25,528 [1] - curKey: ICustomerSvcvalue: BurritoPOS.service.Mongo.CustomerSvcMongoImplhashmap size: 2 : (C:\Users\james.bloom\Documents\Visual Studio 2010\Projects\BurritoPOS\BurritoPOS\service\Factory.cs:162) 
DEBUG 2012-05-09 15:56:25,528 [1] - curKey: IEmployeeSvcvalue: BurritoPOS.service.Mongo.EmployeeSvcMongoImplhashmap size: 3 : (C:\Users\james.bloom\Documents\Visual Studio 2010\Projects\BurritoPOS\BurritoPOS\service\Factory.cs:162) 
DEBUG 2012-05-09 15:56:25,528 [1] - curKey: IInventorySvcvalue: BurritoPOS.service.Mongo.InventorySvcMongoImplhashmap size: 4 : (C:\Users\james.bloom\Documents\Visual Studio 2010\Projects\BurritoPOS\BurritoPOS\service\Factory.cs:162) 
DEBUG 2012-05-09 15:56:25,528 [1] - curKey: IManagerSvcvalue: BurritoPOS.service.Mongo.ManagerSvcMongoImplhashmap size: 5 : (C:\Users\james.bloom\Documents\Visual Studio 2010\Projects\BurritoPOS\BurritoPOS\service\Factory.cs:162) 
DEBUG 2012-05-09 15:56:25,528 [1] - curKey: IOrderSvcvalue: BurritoPOS.service.Mongo.OrderSvcMongoImplhashmap size: 6 : (C:\Users\james.bloom\Documents\Visual Studio 2010\Projects\BurritoPOS\BurritoPOS\service\Factory.cs:162) 
DEBUG 2012-05-09 15:56:25,528 [1] - curKey: IAuthenticationSvcvalue: BurritoPOS.service.AuthenticationSvcSocketImplhashmap size: 7 : (C:\Users\james.bloom\Documents\Visual Studio 2010\Projects\BurritoPOS\BurritoPOS\service\Factory.cs:162) 
DEBUG 2012-05-09 15:56:25,533 [1] - In createInventory : (C:\Users\james.bloom\Documents\Visual Studio 2010\Projects\BurritoPOS\BurritoPOS\business\InventoryManager.cs:51) 
DEBUG 2012-05-09 15:56:25,533 [1] - Validating inventory object : (C:\Users\james.bloom\Documents\Visual Studio 2010\Projects\BurritoPOS\BurritoPOS\business\InventoryManager.cs:56) 
DEBUG 2012-05-09 15:56:25,538 [1] - Exception in createInventory: Object reference not set to an instance of an object.
   at BurritoPOS.business.InventoryManager.createInventory(Inventory i) in C:\Users\james.bloom\Documents\Visual Studio 2010\Projects\BurritoPOS\BurritoPOS\business\InventoryManager.cs:line 58 : (C:\Users\james.bloom\Documents\Visual Studio 2010\Projects\BurritoPOS\BurritoPOS\business\InventoryManager.cs:65) 
DEBUG 2012-05-09 15:56:25,538 [1] - createInventory result: False : (C:\Users\james.bloom\Documents\Visual Studio 2010\Projects\BurritoPOS\BurritoPOS\business\InventoryManager.cs:69) 
DEBUG 2012-05-09 15:56:28,926 [1] - In getServicename: IBurritoSvc : (C:\Users\james.bloom\Documents\Visual Studio 2010\Projects\BurritoPOS\BurritoPOS\service\Factory.cs:62) 
DEBUG 2012-05-09 15:56:28,935 [1] - Got BurritoPOS.service.Mongo.BurritoSvcMongoImpl from properties.xml file for name: IBurritoSvc : (C:\Users\james.bloom\Documents\Visual Studio 2010\Projects\BurritoPOS\BurritoPOS\service\Factory.cs:89) 
DEBUG 2012-05-09 15:56:28,951 [1] - In getServicename: IBurritoSvc : (C:\Users\james.bloom\Documents\Visual Studio 2010\Projects\BurritoPOS\BurritoPOS\service\Factory.cs:62) 
DEBUG 2012-05-09 15:56:28,952 [1] - Got BurritoPOS.service.Mongo.BurritoSvcMongoImpl from properties.xml file for name: IBurritoSvc : (C:\Users\james.bloom\Documents\Visual Studio 2010\Projects\BurritoPOS\BurritoPOS\service\Factory.cs:89) 
ERROR 2012-05-09 15:56:28,959 [1] - Exception in initAvailableOptions: Object reference not set to an instance of an object. : (C:\Users\james.bloom\Documents\Visual Studio 2010\Projects\BurritoPOS\BurritoPOS\presentation\BurritoDialog.cs:130) 
DEBUG 2012-05-09 15:56:31,440 [1] - In updateInventory : (C:\Users\james.bloom\Documents\Visual Studio 2010\Projects\BurritoPOS\BurritoPOS\business\InventoryManager.cs:80) 
 INFO 2012-05-09 15:56:31,447 [1] - Entering method storeInventory | ID: 717111083 : (C:\Users\james.bloom\Documents\Visual Studio 2010\Projects\BurritoPOS\BurritoPOS\service\Mongo\InventorySvcMongoImpl.cs:123) 
DEBUG 2012-05-09 15:56:31,568 [1] - Finding if inventory exists : (C:\Users\james.bloom\Documents\Visual Studio 2010\Projects\BurritoPOS\BurritoPOS\service\Mongo\InventorySvcMongoImpl.cs:138) 
DEBUG 2012-05-09 15:56:31,576 [1] - Inserting inventory : (C:\Users\james.bloom\Documents\Visual Studio 2010\Projects\BurritoPOS\BurritoPOS\service\Mongo\InventorySvcMongoImpl.cs:167) 
DEBUG 2012-05-09 15:56:31,602 [1] - updateInventory result: True : (C:\Users\james.bloom\Documents\Visual Studio 2010\Projects\BurritoPOS\BurritoPOS\business\InventoryManager.cs:97) 
DEBUG 2012-05-09 15:56:31,603 [1] - In cancelOrder : (C:\Users\james.bloom\Documents\Visual Studio 2010\Projects\BurritoPOS\BurritoPOS\business\OrderManager.cs:288) 
DEBUG 2012-05-09 15:56:31,604 [1] - orderID: 1764976388 | burritos: 0 | isSubmitted: False | isComplete: False | totalCost: 0 : (C:\Users\james.bloom\Documents\Visual Studio 2010\Projects\BurritoPOS\BurritoPOS\domain\Order.cs:87) 
DEBUG 2012-05-09 15:56:31,604 [1] - cancelOrder result: False : (C:\Users\james.bloom\Documents\Visual Studio 2010\Projects\BurritoPOS\BurritoPOS\business\OrderManager.cs:305) 
DEBUG 2012-05-09 15:56:31,604 [1] - Failed to cancel order #: 1764976388 : (C:\Users\james.bloom\Documents\Visual Studio 2010\Projects\BurritoPOS\BurritoPOS\presentation\OrderUI.cs:218) 
