DEBUG 2012-03-20 10:26:26,869 [TestRunnerThread] - myDoc: { "_id" : ObjectId("4f68afb2559a4e1d2ce6b003"), "id" : 1367589366, "beef" : true, "blackBeans" : false, "brownRice" : false, "chicken" : false, "chiliTortilla" : false, "cucumber" : true, "flourTortilla" : true, "guacamole" : false, "herbGarlicTortilla" : true, "hummus" : false, "jalapenoCheddarTortilla" : false, "jalapenos" : true, "lettuce" : true, "onion" : false, "orderID" : 1524241559, "pintoBeans" : true, "price" : "7.00", "salsaPico" : false, "salsaSpecial" : false, "salsaVerde" : true, "tomatoBasilTortilla" : false, "tomatoes" : true, "wheatTortilla" : true, "whiteRice" : false } : (C:\Users\james.bloom\Documents\Visual Studio 2010\Projects\BurritoPOS\BurritoPOS\service\Mongo\BurritoSvcMongoImpl.cs:181) 
DEBUG 2012-03-20 10:26:26,880 [TestRunnerThread] - update Query: { "id" : 1367589366, "beef" : true, "blackBeans" : false, "brownRice" : false, "chicken" : false, "chiliTortilla" : false, "cucumber" : true, "flourTortilla" : true, "guacamole" : false, "herbGarlicTortilla" : true, "hummus" : false, "jalapenoCheddarTortilla" : false, "jalapenos" : true, "lettuce" : true, "onion" : false, "orderID" : 1524241559, "pintoBeans" : true, "price" : "7.00", "salsaPico" : false, "salsaSpecial" : false, "salsaVerde" : true, "tomatoBasilTortilla" : false, "tomatoes" : true, "wheatTortilla" : true, "whiteRice" : false } : (C:\Users\james.bloom\Documents\Visual Studio 2010\Projects\BurritoPOS\BurritoPOS\service\Mongo\BurritoSvcMongoImpl.cs:183) 
DEBUG 2012-03-20 10:26:26,888 [TestRunnerThread] - SafeModeResult: True : (C:\Users\james.bloom\Documents\Visual Studio 2010\Projects\BurritoPOS\BurritoPOS\service\Mongo\BurritoSvcMongoImpl.cs:186) 
DEBUG 2012-03-20 10:26:26,888 [TestRunnerThread] - removeBurritoFromOrder result: True : (C:\Users\james.bloom\Documents\Visual Studio 2010\Projects\BurritoPOS\BurritoPOS\business\OrderManager.cs:239) 
DEBUG 2012-03-20 10:26:26,889 [TestRunnerThread] - In deleteOrder : (C:\Users\james.bloom\Documents\Visual Studio 2010\Projects\BurritoPOS\BurritoPOS\business\OrderManager.cs:118) 
DEBUG 2012-03-20 10:26:26,889 [TestRunnerThread] - orderID: 1524241559 | burritos: 1 | isSubmitted: False | isComplete: False | totalCost: 7.00 : (C:\Users\james.bloom\Documents\Visual Studio 2010\Projects\BurritoPOS\BurritoPOS\domain\Order.cs:86) 
 INFO 2012-03-20 10:26:26,890 [TestRunnerThread] - Entering method deleteOrder | ID:1524241559 : (C:\Users\james.bloom\Documents\Visual Studio 2010\Projects\BurritoPOS\BurritoPOS\service\Mongo\OrderSvcMongoImpl.cs:250) 
DEBUG 2012-03-20 10:26:26,890 [TestRunnerThread] - SafeModeResult: True : (C:\Users\james.bloom\Documents\Visual Studio 2010\Projects\BurritoPOS\BurritoPOS\service\Mongo\OrderSvcMongoImpl.cs:267) 
DEBUG 2012-03-20 10:26:26,891 [TestRunnerThread] - deleteOrder result: True : (C:\Users\james.bloom\Documents\Visual Studio 2010\Projects\BurritoPOS\BurritoPOS\business\OrderManager.cs:135) 
 INFO 2012-03-20 10:26:26,891 [TestRunnerThread] - Finish testRemoveBurritoFromOrder : (C:\Users\james.bloom\Documents\Visual Studio 2010\Projects\BurritoPOS\BurritoPOS\business\test\OrderManagerTestCase.cs:176) 
 INFO 2012-03-20 10:26:26,914 [TestRunnerThread] - Beginning OrderManagerTestCase Setup : (C:\Users\james.bloom\Documents\Visual Studio 2010\Projects\BurritoPOS\BurritoPOS\business\test\OrderManagerTestCase.cs:36) 
DEBUG 2012-03-20 10:26:26,925 [TestRunnerThread] - In getServicename: IOrderSvc : (C:\Users\james.bloom\Documents\Visual Studio 2010\Projects\BurritoPOS\BurritoPOS\service\Factory.cs:62) 
DEBUG 2012-03-20 10:26:26,936 [TestRunnerThread] - Got BurritoPOS.service.Mongo.OrderSvcMongoImpl from properties.xml file for name: IOrderSvc : (C:\Users\james.bloom\Documents\Visual Studio 2010\Projects\BurritoPOS\BurritoPOS\service\Factory.cs:89) 
DEBUG 2012-03-20 10:26:26,946 [TestRunnerThread] - In getServicename: IBurritoSvc : (C:\Users\james.bloom\Documents\Visual Studio 2010\Projects\BurritoPOS\BurritoPOS\service\Factory.cs:62) 
DEBUG 2012-03-20 10:26:26,947 [TestRunnerThread] - Got BurritoPOS.service.Mongo.BurritoSvcMongoImpl from properties.xml file for name: IBurritoSvc : (C:\Users\james.bloom\Documents\Visual Studio 2010\Projects\BurritoPOS\BurritoPOS\service\Factory.cs:89) 
DEBUG 2012-03-20 10:26:26,956 [TestRunnerThread] - In getServicename: IBurritoSvc : (C:\Users\james.bloom\Documents\Visual Studio 2010\Projects\BurritoPOS\BurritoPOS\service\Factory.cs:62) 
DEBUG 2012-03-20 10:26:26,957 [TestRunnerThread] - Got BurritoPOS.service.Mongo.BurritoSvcMongoImpl from properties.xml file for name: IBurritoSvc : (C:\Users\james.bloom\Documents\Visual Studio 2010\Projects\BurritoPOS\BurritoPOS\service\Factory.cs:89) 
DEBUG 2012-03-20 10:26:26,968 [TestRunnerThread] - In calculatePrice : (C:\Users\james.bloom\Documents\Visual Studio 2010\Projects\BurritoPOS\BurritoPOS\business\BurritoManager.cs:138) 
DEBUG 2012-03-20 10:26:27,012 [TestRunnerThread] - Got Element node | Name: entry | HasAttributes: True : (C:\Users\james.bloom\Documents\Visual Studio 2010\Projects\BurritoPOS\BurritoPOS\business\Prices.cs:37) 
DEBUG 2012-03-20 10:26:27,013 [TestRunnerThread] - Node Value: 0.50 : (C:\Users\james.bloom\Documents\Visual Studio 2010\Projects\BurritoPOS\BurritoPOS\business\Prices.cs:39) 
DEBUG 2012-03-20 10:26:27,019 [TestRunnerThread] - calculatePrice result: 0.50 : (C:\Users\james.bloom\Documents\Visual Studio 2010\Projects\BurritoPOS\BurritoPOS\business\BurritoManager.cs:194) 
 INFO 2012-03-20 10:26:27,019 [TestRunnerThread] - Finishing OrderManagerTestCase Setup : (C:\Users\james.bloom\Documents\Visual Studio 2010\Projects\BurritoPOS\BurritoPOS\business\test\OrderManagerTestCase.cs:50) 
 INFO 2012-03-20 10:26:27,021 [TestRunnerThread] - Start testSubmitOrder : (C:\Users\james.bloom\Documents\Visual Studio 2010\Projects\BurritoPOS\BurritoPOS\business\test\OrderManagerTestCase.cs:225) 
DEBUG 2012-03-20 10:26:27,022 [TestRunnerThread] - In calculatePrice : (C:\Users\james.bloom\Documents\Visual Studio 2010\Projects\BurritoPOS\BurritoPOS\business\BurritoManager.cs:138) 
DEBUG 2012-03-20 10:26:27,066 [TestRunnerThread] - Got Element node | Name: entry | HasAttributes: True : (C:\Users\james.bloom\Documents\Visual Studio 2010\Projects\BurritoPOS\BurritoPOS\business\Prices.cs:37) 
DEBUG 2012-03-20 10:26:27,067 [TestRunnerThread] - Node Value: 0.50 : (C:\Users\james.bloom\Documents\Visual Studio 2010\Projects\BurritoPOS\BurritoPOS\business\Prices.cs:39) 
DEBUG 2012-03-20 10:26:27,120 [TestRunnerThread] - Got Element node | Name: entry | HasAttributes: True : (C:\Users\james.bloom\Documents\Visual Studio 2010\Projects\BurritoPOS\BurritoPOS\business\Prices.cs:37) 
DEBUG 2012-03-20 10:26:27,120 [TestRunnerThread] - Node Value: 0.50 : (C:\Users\james.bloom\Documents\Visual Studio 2010\Projects\BurritoPOS\BurritoPOS\business\Prices.cs:39) 
DEBUG 2012-03-20 10:26:27,164 [TestRunnerThread] - Got Element node | Name: entry | HasAttributes: True : (C:\Users\james.bloom\Documents\Visual Studio 2010\Projects\BurritoPOS\BurritoPOS\business\Prices.cs:37) 
DEBUG 2012-03-20 10:26:27,164 [TestRunnerThread] - Node Value: 0.50 : (C:\Users\james.bloom\Documents\Visual Studio 2010\Projects\BurritoPOS\BurritoPOS\business\Prices.cs:39) 
DEBUG 2012-03-20 10:26:27,188 [TestRunnerThread] - calculatePrice result: 1.50 : (C:\Users\james.bloom\Documents\Visual Studio 2010\Projects\BurritoPOS\BurritoPOS\business\BurritoManager.cs:194) 
DEBUG 2012-03-20 10:26:27,190 [TestRunnerThread] - In addBurritoToOrder : (C:\Users\james.bloom\Documents\Visual Studio 2010\Projects\BurritoPOS\BurritoPOS\business\OrderManager.cs:147) 
 INFO 2012-03-20 10:26:27,190 [TestRunnerThread] - Entering method storeOrder | ID: 251911626 : (C:\Users\james.bloom\Documents\Visual Studio 2010\Projects\BurritoPOS\BurritoPOS\service\Mongo\OrderSvcMongoImpl.cs:158) 
DEBUG 2012-03-20 10:26:27,191 [TestRunnerThread] - Finding if order exists : (C:\Users\james.bloom\Documents\Visual Studio 2010\Projects\BurritoPOS\BurritoPOS\service\Mongo\OrderSvcMongoImpl.cs:173) 
DEBUG 2012-03-20 10:26:27,198 [TestRunnerThread] - Inserting order : (C:\Users\james.bloom\Documents\Visual Studio 2010\Projects\BurritoPOS\BurritoPOS\service\Mongo\OrderSvcMongoImpl.cs:184) 
DEBUG 2012-03-20 10:26:27,198 [TestRunnerThread] - Trying to insert 1 burritos : (C:\Users\james.bloom\Documents\Visual Studio 2010\Projects\BurritoPOS\BurritoPOS\service\Mongo\OrderSvcMongoImpl.cs:214) 
DEBUG 2012-03-20 10:26:27,199 [TestRunnerThread] - Set order ID 251911626 for burrito: 0 : (C:\Users\james.bloom\Documents\Visual Studio 2010\Projects\BurritoPOS\BurritoPOS\service\Mongo\OrderSvcMongoImpl.cs:220) 
DEBUG 2012-03-20 10:26:27,200 [TestRunnerThread] - Storing burrito: 0 : (C:\Users\james.bloom\Documents\Visual Studio 2010\Projects\BurritoPOS\BurritoPOS\service\Mongo\OrderSvcMongoImpl.cs:223) 
 INFO 2012-03-20 10:26:27,201 [TestRunnerThread] - Entering method storeBurrito | ID: 1025330996 : (C:\Users\james.bloom\Documents\Visual Studio 2010\Projects\BurritoPOS\BurritoPOS\service\Mongo\BurritoSvcMongoImpl.cs:125) 
DEBUG 2012-03-20 10:26:27,201 [TestRunnerThread] - Finding if burrito exists : (C:\Users\james.bloom\Documents\Visual Studio 2010\Projects\BurritoPOS\BurritoPOS\service\Mongo\BurritoSvcMongoImpl.cs:140) 
DEBUG 2012-03-20 10:26:27,207 [TestRunnerThread] - Inserting burrito : (C:\Users\james.bloom\Documents\Visual Studio 2010\Projects\BurritoPOS\BurritoPOS\service\Mongo\BurritoSvcMongoImpl.cs:171) 
DEBUG 2012-03-20 10:26:27,209 [TestRunnerThread] - addBurritoToOrder result: True : (C:\Users\james.bloom\Documents\Visual Studio 2010\Projects\BurritoPOS\BurritoPOS\business\OrderManager.cs:166) 
DEBUG 2012-03-20 10:26:27,209 [TestRunnerThread] - In calculateTotal : (C:\Users\james.bloom\Documents\Visual Studio 2010\Projects\BurritoPOS\BurritoPOS\business\OrderManager.cs:316) 
DEBUG 2012-03-20 10:26:27,259 [TestRunnerThread] - Got Element node | Name: entry | HasAttributes: True : (C:\Users\james.bloom\Documents\Visual Studio 2010\Projects\BurritoPOS\BurritoPOS\business\Prices.cs:37) 
DEBUG 2012-03-20 10:26:27,260 [TestRunnerThread] - Node Value: 0.50 : (C:\Users\james.bloom\Documents\Visual Studio 2010\Projects\BurritoPOS\BurritoPOS\business\Prices.cs:39) 
DEBUG 2012-03-20 10:26:27,310 [TestRunnerThread] - Got Element node | Name: entry | HasAttributes: True : (C:\Users\james.bloom\Documents\Visual Studio 2010\Projects\BurritoPOS\BurritoPOS\business\Prices.cs:37) 
DEBUG 2012-03-20 10:26:27,312 [TestRunnerThread] - Node Value: 0.50 : (C:\Users\james.bloom\Documents\Visual Studio 2010\Projects\BurritoPOS\BurritoPOS\business\Prices.cs:39) 
DEBUG 2012-03-20 10:26:27,357 [TestRunnerThread] - Got Element node | Name: entry | HasAttributes: True : (C:\Users\james.bloom\Documents\Visual Studio 2010\Projects\BurritoPOS\BurritoPOS\business\Prices.cs:37) 
DEBUG 2012-03-20 10:26:27,371 [TestRunnerThread] - Node Value: 0.50 : (C:\Users\james.bloom\Documents\Visual Studio 2010\Projects\BurritoPOS\BurritoPOS\business\Prices.cs:39) 
DEBUG 2012-03-20 10:26:27,454 [TestRunnerThread] - calculateTotal result: 1.50 : (C:\Users\james.bloom\Documents\Visual Studio 2010\Projects\BurritoPOS\BurritoPOS\business\OrderManager.cs:376) 
DEBUG 2012-03-20 10:26:27,493 [TestRunnerThread] - In createOrder : (C:\Users\james.bloom\Documents\Visual Studio 2010\Projects\BurritoPOS\BurritoPOS\business\OrderManager.cs:61) 
DEBUG 2012-03-20 10:26:27,548 [TestRunnerThread] - Validating order object : (C:\Users\james.bloom\Documents\Visual Studio 2010\Projects\BurritoPOS\BurritoPOS\business\OrderManager.cs:66) 
DEBUG 2012-03-20 10:26:27,589 [TestRunnerThread] - orderID: 251911626 | burritos: 1 | isSubmitted: False | isComplete: False | totalCost: 1.50 : (C:\Users\james.bloom\Documents\Visual Studio 2010\Projects\BurritoPOS\BurritoPOS\domain\Order.cs:86) 
 INFO 2012-03-20 10:26:27,634 [TestRunnerThread] - Entering method storeOrder | ID: 251911626 : (C:\Users\james.bloom\Documents\Visual Studio 2010\Projects\BurritoPOS\BurritoPOS\service\Mongo\OrderSvcMongoImpl.cs:158) 
DEBUG 2012-03-20 10:26:27,635 [TestRunnerThread] - Finding if order exists : (C:\Users\james.bloom\Documents\Visual Studio 2010\Projects\BurritoPOS\BurritoPOS\service\Mongo\OrderSvcMongoImpl.cs:173) 
DEBUG 2012-03-20 10:26:27,638 [TestRunnerThread] - Updating order : (C:\Users\james.bloom\Documents\Visual Studio 2010\Projects\BurritoPOS\BurritoPOS\service\Mongo\OrderSvcMongoImpl.cs:193) 
DEBUG 2012-03-20 10:26:27,639 [TestRunnerThread] - myDoc: { "_id" : ObjectId("4f68afb3559a4e1d2ce6b004"), "id" : 251911626, "isComplete" : false, "isSubmitted" : false, "orderDate" : ISODate("0001-01-01T00:00:00Z"), "totalCost" : "0" } : (C:\Users\james.bloom\Documents\Visual Studio 2010\Projects\BurritoPOS\BurritoPOS\service\Mongo\OrderSvcMongoImpl.cs:194) 
DEBUG 2012-03-20 10:26:27,639 [TestRunnerThread] - update Query: { "id" : 251911626, "isComplete" : false, "isSubmitted" : false, "orderDate" : ISODate("0001-01-01T00:00:00Z"), "totalCost" : "1.50" } : (C:\Users\james.bloom\Documents\Visual Studio 2010\Projects\BurritoPOS\BurritoPOS\service\Mongo\OrderSvcMongoImpl.cs:196) 
DEBUG 2012-03-20 10:26:27,643 [TestRunnerThread] - SafeModeResult: True : (C:\Users\james.bloom\Documents\Visual Studio 2010\Projects\BurritoPOS\BurritoPOS\service\Mongo\OrderSvcMongoImpl.cs:199) 
DEBUG 2012-03-20 10:26:27,645 [TestRunnerThread] - Trying to insert 1 burritos : (C:\Users\james.bloom\Documents\Visual Studio 2010\Projects\BurritoPOS\BurritoPOS\service\Mongo\OrderSvcMongoImpl.cs:214) 
DEBUG 2012-03-20 10:26:27,646 [TestRunnerThread] - Set order ID 251911626 for burrito: 0 : (C:\Users\james.bloom\Documents\Visual Studio 2010\Projects\BurritoPOS\BurritoPOS\service\Mongo\OrderSvcMongoImpl.cs:220) 
DEBUG 2012-03-20 10:26:27,647 [TestRunnerThread] - Storing burrito: 0 : (C:\Users\james.bloom\Documents\Visual Studio 2010\Projects\BurritoPOS\BurritoPOS\service\Mongo\OrderSvcMongoImpl.cs:223) 
 INFO 2012-03-20 10:26:27,647 [TestRunnerThread] - Entering method storeBurrito | ID: 1025330996 : (C:\Users\james.bloom\Documents\Visual Studio 2010\Projects\BurritoPOS\BurritoPOS\service\Mongo\BurritoSvcMongoImpl.cs:125) 
DEBUG 2012-03-20 10:26:27,648 [TestRunnerThread] - Finding if burrito exists : (C:\Users\james.bloom\Documents\Visual Studio 2010\Projects\BurritoPOS\BurritoPOS\service\Mongo\BurritoSvcMongoImpl.cs:140) 
DEBUG 2012-03-20 10:26:27,654 [TestRunnerThread] - Updating burrito : (C:\Users\james.bloom\Documents\Visual Studio 2010\Projects\BurritoPOS\BurritoPOS\service\Mongo\BurritoSvcMongoImpl.cs:180) 
DEBUG 2012-03-20 10:26:27,654 [TestRunnerThread] - myDoc: { "_id" : ObjectId("4f68afb3559a4e1d2ce6b005"), "id" : 1025330996, "beef" : false, "blackBeans" : true, "brownRice" : true, "chicken" : false, "chiliTortilla" : false, "cucumber" : true, "flourTortilla" : false, "guacamole" : false, "herbGarlicTortilla" : false, "hummus" : false, "jalapenoCheddarTortilla" : true, "jalapenos" : false, "lettuce" : false, "onion" : false, "orderID" : 251911626, "pintoBeans" : true, "price" : "1.50", "salsaPico" : true, "salsaSpecial" : true, "salsaVerde" : false, "tomatoBasilTortilla" : true, "tomatoes" : true, "wheatTortilla" : false, "whiteRice" : true } : (C:\Users\james.bloom\Documents\Visual Studio 2010\Projects\BurritoPOS\BurritoPOS\service\Mongo\BurritoSvcMongoImpl.cs:181) 
DEBUG 2012-03-20 10:26:27,655 [TestRunnerThread] - update Query: { "id" : 1025330996, "beef" : false, "blackBeans" : true, "brownRice" : true, "chicken" : false, "chiliTortilla" : false, "cucumber" : true, "flourTortilla" : false, "guacamole" : false, "herbGarlicTortilla" : false, "hummus" : false, "jalapenoCheddarTortilla" : true, "jalapenos" : false, "lettuce" : false, "onion" : false, "orderID" : 251911626, "pintoBeans" : true, "price" : "1.50", "salsaPico" : true, "salsaSpecial" : true, "salsaVerde" : false, "tomatoBasilTortilla" : true, "tomatoes" : true, "wheatTortilla" : false, "whiteRice" : true } : (C:\Users\james.bloom\Documents\Visual Studio 2010\Projects\BurritoPOS\BurritoPOS\service\Mongo\BurritoSvcMongoImpl.cs:183) 
DEBUG 2012-03-20 10:26:27,659 [TestRunnerThread] - SafeModeResult: True : (C:\Users\james.bloom\Documents\Visual Studio 2010\Projects\BurritoPOS\BurritoPOS\service\Mongo\BurritoSvcMongoImpl.cs:186) 
DEBUG 2012-03-20 10:26:27,660 [TestRunnerThread] - createOrder result: True : (C:\Users\james.bloom\Documents\Visual Studio 2010\Projects\BurritoPOS\BurritoPOS\business\OrderManager.cs:79) 
DEBUG 2012-03-20 10:26:27,661 [TestRunnerThread] - Order ID: 251911626 : (C:\Users\james.bloom\Documents\Visual Studio 2010\Projects\BurritoPOS\BurritoPOS\business\test\OrderManagerTestCase.cs:235) 
DEBUG 2012-03-20 10:26:27,662 [TestRunnerThread] - In addBurritoToOrder : (C:\Users\james.bloom\Documents\Visual Studio 2010\Projects\BurritoPOS\BurritoPOS\business\OrderManager.cs:147) 
 INFO 2012-03-20 10:26:27,662 [TestRunnerThread] - Entering method storeOrder | ID: 251911626 : (C:\Users\james.bloom\Documents\Visual Studio 2010\Projects\BurritoPOS\BurritoPOS\service\Mongo\OrderSvcMongoImpl.cs:158) 
DEBUG 2012-03-20 10:26:27,663 [TestRunnerThread] - Finding if order exists : (C:\Users\james.bloom\Documents\Visual Studio 2010\Projects\BurritoPOS\BurritoPOS\service\Mongo\OrderSvcMongoImpl.cs:173) 
DEBUG 2012-03-20 10:26:27,672 [TestRunnerThread] - Updating order : (C:\Users\james.bloom\Documents\Visual Studio 2010\Projects\BurritoPOS\BurritoPOS\service\Mongo\OrderSvcMongoImpl.cs:193) 
DEBUG 2012-03-20 10:26:27,674 [TestRunnerThread] - myDoc: { "_id" : ObjectId("4f68afb3559a4e1d2ce6b004"), "id" : 251911626, "isComplete" : false, "isSubmitted" : false, "orderDate" : ISODate("0001-01-01T00:00:00Z"), "totalCost" : "1.50" } : (C:\Users\james.bloom\Documents\Visual Studio 2010\Projects\BurritoPOS\BurritoPOS\service\Mongo\OrderSvcMongoImpl.cs:194) 
DEBUG 2012-03-20 10:26:27,677 [TestRunnerThread] - update Query: { "id" : 251911626, "isComplete" : false, "isSubmitted" : false, "orderDate" : ISODate("0001-01-01T00:00:00Z"), "totalCost" : "1.50" } : (C:\Users\james.bloom\Documents\Visual Studio 2010\Projects\BurritoPOS\BurritoPOS\service\Mongo\OrderSvcMongoImpl.cs:196) 
DEBUG 2012-03-20 10:26:27,692 [TestRunnerThread] - SafeModeResult: True : (C:\Users\james.bloom\Documents\Visual Studio 2010\Projects\BurritoPOS\BurritoPOS\service\Mongo\OrderSvcMongoImpl.cs:199) 
DEBUG 2012-03-20 10:26:27,695 [TestRunnerThread] - Trying to insert 2 burritos : (C:\Users\james.bloom\Documents\Visual Studio 2010\Projects\BurritoPOS\BurritoPOS\service\Mongo\OrderSvcMongoImpl.cs:214) 
DEBUG 2012-03-20 10:26:27,697 [TestRunnerThread] - Set order ID 251911626 for burrito: 0 : (C:\Users\james.bloom\Documents\Visual Studio 2010\Projects\BurritoPOS\BurritoPOS\service\Mongo\OrderSvcMongoImpl.cs:220) 
DEBUG 2012-03-20 10:26:27,702 [TestRunnerThread] - Storing burrito: 0 : (C:\Users\james.bloom\Documents\Visual Studio 2010\Projects\BurritoPOS\BurritoPOS\service\Mongo\OrderSvcMongoImpl.cs:223) 
 INFO 2012-03-20 10:26:27,704 [TestRunnerThread] - Entering method storeBurrito | ID: 1025330996 : (C:\Users\james.bloom\Documents\Visual Studio 2010\Projects\BurritoPOS\BurritoPOS\service\Mongo\BurritoSvcMongoImpl.cs:125) 
DEBUG 2012-03-20 10:26:27,706 [TestRunnerThread] - Finding if burrito exists : (C:\Users\james.bloom\Documents\Visual Studio 2010\Projects\BurritoPOS\BurritoPOS\service\Mongo\BurritoSvcMongoImpl.cs:140) 
DEBUG 2012-03-20 10:26:27,708 [TestRunnerThread] - Updating burrito : (C:\Users\james.bloom\Documents\Visual Studio 2010\Projects\BurritoPOS\BurritoPOS\service\Mongo\BurritoSvcMongoImpl.cs:180) 
DEBUG 2012-03-20 10:26:27,710 [TestRunnerThread] - myDoc: { "_id" : ObjectId("4f68afb3559a4e1d2ce6b005"), "id" : 1025330996, "beef" : false, "blackBeans" : true, "brownRice" : true, "chicken" : false, "chiliTortilla" : false, "cucumber" : true, "flourTortilla" : false, "guacamole" : false, "herbGarlicTortilla" : false, "hummus" : false, "jalapenoCheddarTortilla" : true, "jalapenos" : false, "lettuce" : false, "onion" : false, "orderID" : 251911626, "pintoBeans" : true, "price" : "1.50", "salsaPico" : true, "salsaSpecial" : true, "salsaVerde" : false, "tomatoBasilTortilla" : true, "tomatoes" : true, "wheatTortilla" : false, "whiteRice" : true } : (C:\Users\james.bloom\Documents\Visual Studio 2010\Projects\BurritoPOS\BurritoPOS\service\Mongo\BurritoSvcMongoImpl.cs:181) 
DEBUG 2012-03-20 10:26:27,712 [TestRunnerThread] - update Query: { "id" : 1025330996, "beef" : false, "blackBeans" : true, "brownRice" : true, "chicken" : false, "chiliTortilla" : false, "cucumber" : true, "flourTortilla" : false, "guacamole" : false, "herbGarlicTortilla" : false, "hummus" : false, "jalapenoCheddarTortilla" : true, "jalapenos" : false, "lettuce" : false, "onion" : false, "orderID" : 251911626, "pintoBeans" : true, "price" : "1.50", "salsaPico" : true, "salsaSpecial" : true, "salsaVerde" : false, "tomatoBasilTortilla" : true, "tomatoes" : true, "wheatTortilla" : false, "whiteRice" : true } : (C:\Users\james.bloom\Documents\Visual Studio 2010\Projects\BurritoPOS\BurritoPOS\service\Mongo\BurritoSvcMongoImpl.cs:183) 
DEBUG 2012-03-20 10:26:27,715 [TestRunnerThread] - SafeModeResult: True : (C:\Users\james.bloom\Documents\Visual Studio 2010\Projects\BurritoPOS\BurritoPOS\service\Mongo\BurritoSvcMongoImpl.cs:186) 
DEBUG 2012-03-20 10:26:27,717 [TestRunnerThread] - Set order ID 251911626 for burrito: 1 : (C:\Users\james.bloom\Documents\Visual Studio 2010\Projects\BurritoPOS\BurritoPOS\service\Mongo\OrderSvcMongoImpl.cs:220) 
DEBUG 2012-03-20 10:26:27,719 [TestRunnerThread] - Storing burrito: 1 : (C:\Users\james.bloom\Documents\Visual Studio 2010\Projects\BurritoPOS\BurritoPOS\service\Mongo\OrderSvcMongoImpl.cs:223) 
 INFO 2012-03-20 10:26:27,722 [TestRunnerThread] - Entering method storeBurrito | ID: 1025330996 : (C:\Users\james.bloom\Documents\Visual Studio 2010\Projects\BurritoPOS\BurritoPOS\service\Mongo\BurritoSvcMongoImpl.cs:125) 
DEBUG 2012-03-20 10:26:27,726 [TestRunnerThread] - Finding if burrito exists : (C:\Users\james.bloom\Documents\Visual Studio 2010\Projects\BurritoPOS\BurritoPOS\service\Mongo\BurritoSvcMongoImpl.cs:140) 
DEBUG 2012-03-20 10:26:27,731 [TestRunnerThread] - Updating burrito : (C:\Users\james.bloom\Documents\Visual Studio 2010\Projects\BurritoPOS\BurritoPOS\service\Mongo\BurritoSvcMongoImpl.cs:180) 
DEBUG 2012-03-20 10:26:27,733 [TestRunnerThread] - myDoc: { "_id" : ObjectId("4f68afb3559a4e1d2ce6b005"), "id" : 1025330996, "beef" : false, "blackBeans" : true, "brownRice" : true, "chicken" : false, "chiliTortilla" : false, "cucumber" : true, "flourTortilla" : false, "guacamole" : false, "herbGarlicTortilla" : false, "hummus" : false, "jalapenoCheddarTortilla" : true, "jalapenos" : false, "lettuce" : false, "onion" : false, "orderID" : 251911626, "pintoBeans" : true, "price" : "1.50", "salsaPico" : true, "salsaSpecial" : true, "salsaVerde" : false, "tomatoBasilTortilla" : true, "tomatoes" : true, "wheatTortilla" : false, "whiteRice" : true } : (C:\Users\james.bloom\Documents\Visual Studio 2010\Projects\BurritoPOS\BurritoPOS\service\Mongo\BurritoSvcMongoImpl.cs:181) 
DEBUG 2012-03-20 10:26:27,736 [TestRunnerThread] - update Query: { "id" : 1025330996, "beef" : false, "blackBeans" : true, "brownRice" : true, "chicken" : false, "chiliTortilla" : false, "cucumber" : true, "flourTortilla" : false, "guacamole" : false, "herbGarlicTortilla" : false, "hummus" : false, "jalapenoCheddarTortilla" : true, "jalapenos" : false, "lettuce" : false, "onion" : false, "orderID" : 251911626, "pintoBeans" : true, "price" : "1.50", "salsaPico" : true, "salsaSpecial" : true, "salsaVerde" : false, "tomatoBasilTortilla" : true, "tomatoes" : true, "wheatTortilla" : false, "whiteRice" : true } : (C:\Users\james.bloom\Documents\Visual Studio 2010\Projects\BurritoPOS\BurritoPOS\service\Mongo\BurritoSvcMongoImpl.cs:183) 
DEBUG 2012-03-20 10:26:27,739 [TestRunnerThread] - SafeModeResult: True : (C:\Users\james.bloom\Documents\Visual Studio 2010\Projects\BurritoPOS\BurritoPOS\service\Mongo\BurritoSvcMongoImpl.cs:186) 
DEBUG 2012-03-20 10:26:27,741 [TestRunnerThread] - addBurritoToOrder result: True : (C:\Users\james.bloom\Documents\Visual Studio 2010\Projects\BurritoPOS\BurritoPOS\business\OrderManager.cs:166) 
DEBUG 2012-03-20 10:26:27,743 [TestRunnerThread] - In calculateTotal : (C:\Users\james.bloom\Documents\Visual Studio 2010\Projects\BurritoPOS\BurritoPOS\business\OrderManager.cs:316) 
DEBUG 2012-03-20 10:26:27,784 [TestRunnerThread] - Got Element node | Name: entry | HasAttributes: True : (C:\Users\james.bloom\Documents\Visual Studio 2010\Projects\BurritoPOS\BurritoPOS\business\Prices.cs:37) 
DEBUG 2012-03-20 10:26:27,796 [TestRunnerThread] - Node Value: 0.50 : (C:\Users\james.bloom\Documents\Visual Studio 2010\Projects\BurritoPOS\BurritoPOS\business\Prices.cs:39) 
DEBUG 2012-03-20 10:26:27,842 [TestRunnerThread] - Got Element node | Name: entry | HasAttributes: True : (C:\Users\james.bloom\Documents\Visual Studio 2010\Projects\BurritoPOS\BurritoPOS\business\Prices.cs:37) 
DEBUG 2012-03-20 10:26:27,843 [TestRunnerThread] - Node Value: 0.50 : (C:\Users\james.bloom\Documents\Visual Studio 2010\Projects\BurritoPOS\BurritoPOS\business\Prices.cs:39) 
DEBUG 2012-03-20 10:26:27,907 [TestRunnerThread] - Got Element node | Name: entry | HasAttributes: True : (C:\Users\james.bloom\Documents\Visual Studio 2010\Projects\BurritoPOS\BurritoPOS\business\Prices.cs:37) 
DEBUG 2012-03-20 10:26:27,927 [TestRunnerThread] - Node Value: 0.50 : (C:\Users\james.bloom\Documents\Visual Studio 2010\Projects\BurritoPOS\BurritoPOS\business\Prices.cs:39) 
DEBUG 2012-03-20 10:26:27,978 [TestRunnerThread] - Got Element node | Name: entry | HasAttributes: True : (C:\Users\james.bloom\Documents\Visual Studio 2010\Projects\BurritoPOS\BurritoPOS\business\Prices.cs:37) 
DEBUG 2012-03-20 10:26:27,979 [TestRunnerThread] - Node Value: 0.50 : (C:\Users\james.bloom\Documents\Visual Studio 2010\Projects\BurritoPOS\BurritoPOS\business\Prices.cs:39) 
DEBUG 2012-03-20 10:26:28,032 [TestRunnerThread] - Got Element node | Name: entry | HasAttributes: True : (C:\Users\james.bloom\Documents\Visual Studio 2010\Projects\BurritoPOS\BurritoPOS\business\Prices.cs:37) 
DEBUG 2012-03-20 10:26:28,033 [TestRunnerThread] - Node Value: 0.50 : (C:\Users\james.bloom\Documents\Visual Studio 2010\Projects\BurritoPOS\BurritoPOS\business\Prices.cs:39) 
DEBUG 2012-03-20 10:26:28,093 [TestRunnerThread] - Got Element node | Name: entry | HasAttributes: True : (C:\Users\james.bloom\Documents\Visual Studio 2010\Projects\BurritoPOS\BurritoPOS\business\Prices.cs:37) 
DEBUG 2012-03-20 10:26:28,094 [TestRunnerThread] - Node Value: 0.50 : (C:\Users\james.bloom\Documents\Visual Studio 2010\Projects\BurritoPOS\BurritoPOS\business\Prices.cs:39) 
DEBUG 2012-03-20 10:26:28,110 [TestRunnerThread] - calculateTotal result: 3.00 : (C:\Users\james.bloom\Documents\Visual Studio 2010\Projects\BurritoPOS\BurritoPOS\business\OrderManager.cs:376) 
DEBUG 2012-03-20 10:26:28,122 [TestRunnerThread] - In submitOrder : (C:\Users\james.bloom\Documents\Visual Studio 2010\Projects\BurritoPOS\BurritoPOS\business\OrderManager.cs:250) 
DEBUG 2012-03-20 10:26:28,125 [TestRunnerThread] - orderID: 251911626 | burritos: 2 | isSubmitted: False | isComplete: False | totalCost: 3.00 : (C:\Users\james.bloom\Documents\Visual Studio 2010\Projects\BurritoPOS\BurritoPOS\domain\Order.cs:86) 
DEBUG 2012-03-20 10:26:28,130 [TestRunnerThread] - Order ID: 251911626 | Size: 2 | Total Cost: 3.00 : (C:\Users\james.bloom\Documents\Visual Studio 2010\Projects\BurritoPOS\BurritoPOS\business\OrderManager.cs:259) 
 INFO 2012-03-20 10:26:28,133 [TestRunnerThread] - Entering method storeOrder | ID: 251911626 : (C:\Users\james.bloom\Documents\Visual Studio 2010\Projects\BurritoPOS\BurritoPOS\service\Mongo\OrderSvcMongoImpl.cs:158) 
DEBUG 2012-03-20 10:26:28,136 [TestRunnerThread] - Finding if order exists : (C:\Users\james.bloom\Documents\Visual Studio 2010\Projects\BurritoPOS\BurritoPOS\service\Mongo\OrderSvcMongoImpl.cs:173) 
DEBUG 2012-03-20 10:26:28,138 [TestRunnerThread] - Updating order : (C:\Users\james.bloom\Documents\Visual Studio 2010\Projects\BurritoPOS\BurritoPOS\service\Mongo\OrderSvcMongoImpl.cs:193) 
DEBUG 2012-03-20 10:26:28,140 [TestRunnerThread] - myDoc: { "_id" : ObjectId("4f68afb3559a4e1d2ce6b004"), "id" : 251911626, "isComplete" : false, "isSubmitted" : false, "orderDate" : ISODate("0001-01-01T00:00:00Z"), "totalCost" : "1.50" } : (C:\Users\james.bloom\Documents\Visual Studio 2010\Projects\BurritoPOS\BurritoPOS\service\Mongo\OrderSvcMongoImpl.cs:194) 
DEBUG 2012-03-20 10:26:28,142 [TestRunnerThread] - update Query: { "id" : 251911626, "isComplete" : false, "isSubmitted" : true, "orderDate" : ISODate("0001-01-01T00:00:00Z"), "totalCost" : "3.00" } : (C:\Users\james.bloom\Documents\Visual Studio 2010\Projects\BurritoPOS\BurritoPOS\service\Mongo\OrderSvcMongoImpl.cs:196) 
DEBUG 2012-03-20 10:26:28,145 [TestRunnerThread] - SafeModeResult: True : (C:\Users\james.bloom\Documents\Visual Studio 2010\Projects\BurritoPOS\BurritoPOS\service\Mongo\OrderSvcMongoImpl.cs:199) 
DEBUG 2012-03-20 10:26:28,147 [TestRunnerThread] - Trying to insert 2 burritos : (C:\Users\james.bloom\Documents\Visual Studio 2010\Projects\BurritoPOS\BurritoPOS\service\Mongo\OrderSvcMongoImpl.cs:214) 
DEBUG 2012-03-20 10:26:28,149 [TestRunnerThread] - Set order ID 251911626 for burrito: 0 : (C:\Users\james.bloom\Documents\Visual Studio 2010\Projects\BurritoPOS\BurritoPOS\service\Mongo\OrderSvcMongoImpl.cs:220) 
DEBUG 2012-03-20 10:26:28,151 [TestRunnerThread] - Storing burrito: 0 : (C:\Users\james.bloom\Documents\Visual Studio 2010\Projects\BurritoPOS\BurritoPOS\service\Mongo\OrderSvcMongoImpl.cs:223) 
 INFO 2012-03-20 10:26:28,153 [TestRunnerThread] - Entering method storeBurrito | ID: 1025330996 : (C:\Users\james.bloom\Documents\Visual Studio 2010\Projects\BurritoPOS\BurritoPOS\service\Mongo\BurritoSvcMongoImpl.cs:125) 
DEBUG 2012-03-20 10:26:28,155 [TestRunnerThread] - Finding if burrito exists : (C:\Users\james.bloom\Documents\Visual Studio 2010\Projects\BurritoPOS\BurritoPOS\service\Mongo\BurritoSvcMongoImpl.cs:140) 
DEBUG 2012-03-20 10:26:28,159 [TestRunnerThread] - Updating burrito : (C:\Users\james.bloom\Documents\Visual Studio 2010\Projects\BurritoPOS\BurritoPOS\service\Mongo\BurritoSvcMongoImpl.cs:180) 
DEBUG 2012-03-20 10:26:28,162 [TestRunnerThread] - myDoc: { "_id" : ObjectId("4f68afb3559a4e1d2ce6b005"), "id" : 1025330996, "beef" : false, "blackBeans" : true, "brownRice" : true, "chicken" : false, "chiliTortilla" : false, "cucumber" : true, "flourTortilla" : false, "guacamole" : false, "herbGarlicTortilla" : false, "hummus" : false, "jalapenoCheddarTortilla" : true, "jalapenos" : false, "lettuce" : false, "onion" : false, "orderID" : 251911626, "pintoBeans" : true, "price" : "1.50", "salsaPico" : true, "salsaSpecial" : true, "salsaVerde" : false, "tomatoBasilTortilla" : true, "tomatoes" : true, "wheatTortilla" : false, "whiteRice" : true } : (C:\Users\james.bloom\Documents\Visual Studio 2010\Projects\BurritoPOS\BurritoPOS\service\Mongo\BurritoSvcMongoImpl.cs:181) 
DEBUG 2012-03-20 10:26:28,165 [TestRunnerThread] - update Query: { "id" : 1025330996, "beef" : false, "blackBeans" : true, "brownRice" : true, "chicken" : false, "chiliTortilla" : false, "cucumber" : true, "flourTortilla" : false, "guacamole" : false, "herbGarlicTortilla" : false, "hummus" : false, "jalapenoCheddarTortilla" : true, "jalapenos" : false, "lettuce" : false, "onion" : false, "orderID" : 251911626, "pintoBeans" : true, "price" : "1.50", "salsaPico" : true, "salsaSpecial" : true, "salsaVerde" : false, "tomatoBasilTortilla" : true, "tomatoes" : true, "wheatTortilla" : false, "whiteRice" : true } : (C:\Users\james.bloom\Documents\Visual Studio 2010\Projects\BurritoPOS\BurritoPOS\service\Mongo\BurritoSvcMongoImpl.cs:183) 
DEBUG 2012-03-20 10:26:28,168 [TestRunnerThread] - SafeModeResult: True : (C:\Users\james.bloom\Documents\Visual Studio 2010\Projects\BurritoPOS\BurritoPOS\service\Mongo\BurritoSvcMongoImpl.cs:186) 
DEBUG 2012-03-20 10:26:28,171 [TestRunnerThread] - Set order ID 251911626 for burrito: 1 : (C:\Users\james.bloom\Documents\Visual Studio 2010\Projects\BurritoPOS\BurritoPOS\service\Mongo\OrderSvcMongoImpl.cs:220) 
DEBUG 2012-03-20 10:26:28,173 [TestRunnerThread] - Storing burrito: 1 : (C:\Users\james.bloom\Documents\Visual Studio 2010\Projects\BurritoPOS\BurritoPOS\service\Mongo\OrderSvcMongoImpl.cs:223) 
 INFO 2012-03-20 10:26:28,175 [TestRunnerThread] - Entering method storeBurrito | ID: 1025330996 : (C:\Users\james.bloom\Documents\Visual Studio 2010\Projects\BurritoPOS\BurritoPOS\service\Mongo\BurritoSvcMongoImpl.cs:125) 
DEBUG 2012-03-20 10:26:28,177 [TestRunnerThread] - Finding if burrito exists : (C:\Users\james.bloom\Documents\Visual Studio 2010\Projects\BurritoPOS\BurritoPOS\service\Mongo\BurritoSvcMongoImpl.cs:140) 
DEBUG 2012-03-20 10:26:28,179 [TestRunnerThread] - Updating burrito : (C:\Users\james.bloom\Documents\Visual Studio 2010\Projects\BurritoPOS\BurritoPOS\service\Mongo\BurritoSvcMongoImpl.cs:180) 
DEBUG 2012-03-20 10:26:28,182 [TestRunnerThread] - myDoc: { "_id" : ObjectId("4f68afb3559a4e1d2ce6b005"), "id" : 1025330996, "beef" : false, "blackBeans" : true, "brownRice" : true, "chicken" : false, "chiliTortilla" : false, "cucumber" : true, "flourTortilla" : false, "guacamole" : false, "herbGarlicTortilla" : false, "hummus" : false, "jalapenoCheddarTortilla" : true, "jalapenos" : false, "lettuce" : false, "onion" : false, "orderID" : 251911626, "pintoBeans" : true, "price" : "1.50", "salsaPico" : true, "salsaSpecial" : true, "salsaVerde" : false, "tomatoBasilTortilla" : true, "tomatoes" : true, "wheatTortilla" : false, "whiteRice" : true } : (C:\Users\james.bloom\Documents\Visual Studio 2010\Projects\BurritoPOS\BurritoPOS\service\Mongo\BurritoSvcMongoImpl.cs:181) 
DEBUG 2012-03-20 10:26:28,184 [TestRunnerThread] - update Query: { "id" : 1025330996, "beef" : false, "blackBeans" : true, "brownRice" : true, "chicken" : false, "chiliTortilla" : false, "cucumber" : true, "flourTortilla" : false, "guacamole" : false, "herbGarlicTortilla" : false, "hummus" : false, "jalapenoCheddarTortilla" : true, "jalapenos" : false, "lettuce" : false, "onion" : false, "orderID" : 251911626, "pintoBeans" : true, "price" : "1.50", "salsaPico" : true, "salsaSpecial" : true, "salsaVerde" : false, "tomatoBasilTortilla" : true, "tomatoes" : true, "wheatTortilla" : false, "whiteRice" : true } : (C:\Users\james.bloom\Documents\Visual Studio 2010\Projects\BurritoPOS\BurritoPOS\service\Mongo\BurritoSvcMongoImpl.cs:183) 
DEBUG 2012-03-20 10:26:28,187 [TestRunnerThread] - SafeModeResult: True : (C:\Users\james.bloom\Documents\Visual Studio 2010\Projects\BurritoPOS\BurritoPOS\service\Mongo\BurritoSvcMongoImpl.cs:186) 
DEBUG 2012-03-20 10:26:28,190 [TestRunnerThread] - submitOrder result: True : (C:\Users\james.bloom\Documents\Visual Studio 2010\Projects\BurritoPOS\BurritoPOS\business\OrderManager.cs:277) 
DEBUG 2012-03-20 10:26:28,192 [TestRunnerThread] - In cancelOrder : (C:\Users\james.bloom\Documents\Visual Studio 2010\Projects\BurritoPOS\BurritoPOS\business\OrderManager.cs:288) 
DEBUG 2012-03-20 10:26:28,195 [TestRunnerThread] - orderID: 251911626 | burritos: 2 | isSubmitted: True | isComplete: False | totalCost: 3.00 : (C:\Users\james.bloom\Documents\Visual Studio 2010\Projects\BurritoPOS\BurritoPOS\domain\Order.cs:86) 
 INFO 2012-03-20 10:26:28,197 [TestRunnerThread] - Entering method deleteOrder | ID:251911626 : (C:\Users\james.bloom\Documents\Visual Studio 2010\Projects\BurritoPOS\BurritoPOS\service\Mongo\OrderSvcMongoImpl.cs:250) 
DEBUG 2012-03-20 10:26:28,204 [TestRunnerThread] - SafeModeResult: True : (C:\Users\james.bloom\Documents\Visual Studio 2010\Projects\BurritoPOS\BurritoPOS\service\Mongo\OrderSvcMongoImpl.cs:267) 
DEBUG 2012-03-20 10:26:28,208 [TestRunnerThread] - cancelOrder result: True : (C:\Users\james.bloom\Documents\Visual Studio 2010\Projects\BurritoPOS\BurritoPOS\business\OrderManager.cs:305) 
 INFO 2012-03-20 10:26:28,213 [TestRunnerThread] - Finish testSubmitOrder : (C:\Users\james.bloom\Documents\Visual Studio 2010\Projects\BurritoPOS\BurritoPOS\business\test\OrderManagerTestCase.cs:245) 
DEBUG 2012-03-20 10:26:28,426 [TestRunnerThread] - orderID: -1 | burritos: 0 | isSubmitted: False | isComplete: False | totalCost: 0 : (C:\Users\james.bloom\Documents\Visual Studio 2010\Projects\BurritoPOS\BurritoPOS\domain\Order.cs:86) 
DEBUG 2012-03-20 10:26:28,441 [TestRunnerThread] - orderID: 1 | burritos: 1 | isSubmitted: True | isComplete: True | totalCost: 17.00 : (C:\Users\james.bloom\Documents\Visual Studio 2010\Projects\BurritoPOS\BurritoPOS\domain\Order.cs:86) 
DEBUG 2012-03-20 10:26:28,473 [TestRunnerThread] - Going to get the service implementation : (C:\Users\james.bloom\Documents\Visual Studio 2010\Projects\BurritoPOS\BurritoPOS\service\test\BurritoSvcImplTestCase.cs:54) 
DEBUG 2012-03-20 10:26:28,477 [TestRunnerThread] - In getServicename: IBurritoSvc : (C:\Users\james.bloom\Documents\Visual Studio 2010\Projects\BurritoPOS\BurritoPOS\service\Factory.cs:62) 
DEBUG 2012-03-20 10:26:28,480 [TestRunnerThread] - Got BurritoPOS.service.Mongo.BurritoSvcMongoImpl from properties.xml file for name: IBurritoSvc : (C:\Users\james.bloom\Documents\Visual Studio 2010\Projects\BurritoPOS\BurritoPOS\service\Factory.cs:89) 
DEBUG 2012-03-20 10:26:28,493 [TestRunnerThread] - Going to create burrito : (C:\Users\james.bloom\Documents\Visual Studio 2010\Projects\BurritoPOS\BurritoPOS\service\test\BurritoSvcImplTestCase.cs:58) 
 INFO 2012-03-20 10:26:28,500 [TestRunnerThread] - Entering method storeBurrito | ID: 1 : (C:\Users\james.bloom\Documents\Visual Studio 2010\Projects\BurritoPOS\BurritoPOS\service\Mongo\BurritoSvcMongoImpl.cs:125) 
DEBUG 2012-03-20 10:26:28,504 [TestRunnerThread] - Finding if burrito exists : (C:\Users\james.bloom\Documents\Visual Studio 2010\Projects\BurritoPOS\BurritoPOS\service\Mongo\BurritoSvcMongoImpl.cs:140) 
DEBUG 2012-03-20 10:26:28,507 [TestRunnerThread] - Updating burrito : (C:\Users\james.bloom\Documents\Visual Studio 2010\Projects\BurritoPOS\BurritoPOS\service\Mongo\BurritoSvcMongoImpl.cs:180) 
DEBUG 2012-03-20 10:26:28,510 [TestRunnerThread] - myDoc: { "_id" : ObjectId("4f689bab559a4e0668fa5333"), "id" : 1, "beef" : false, "blackBeans" : false, "brownRice" : false, "chicken" : false, "chiliTortilla" : false, "cucumber" : false, "flourTortilla" : false, "guacamole" : false, "herbGarlicTortilla" : false, "hummus" : false, "jalapenoCheddarTortilla" : false, "jalapenos" : false, "lettuce" : false, "onion" : false, "orderID" : 1, "pintoBeans" : false, "price" : "3.00", "salsaPico" : false, "salsaSpecial" : false, "salsaVerde" : false, "tomatoBasilTortilla" : false, "tomatoes" : false, "wheatTortilla" : false, "whiteRice" : false } : (C:\Users\james.bloom\Documents\Visual Studio 2010\Projects\BurritoPOS\BurritoPOS\service\Mongo\BurritoSvcMongoImpl.cs:181) 
DEBUG 2012-03-20 10:26:28,510 [TestRunnerThread] - update Query: { "id" : 1, "beef" : false, "blackBeans" : false, "brownRice" : false, "chicken" : false, "chiliTortilla" : false, "cucumber" : false, "flourTortilla" : false, "guacamole" : false, "herbGarlicTortilla" : false, "hummus" : false, "jalapenoCheddarTortilla" : false, "jalapenos" : false, "lettuce" : false, "onion" : false, "orderID" : 0, "pintoBeans" : false, "price" : "3.00", "salsaPico" : false, "salsaSpecial" : false, "salsaVerde" : false, "tomatoBasilTortilla" : false, "tomatoes" : false, "wheatTortilla" : false, "whiteRice" : false } : (C:\Users\james.bloom\Documents\Visual Studio 2010\Projects\BurritoPOS\BurritoPOS\service\Mongo\BurritoSvcMongoImpl.cs:183) 
DEBUG 2012-03-20 10:26:28,511 [TestRunnerThread] - SafeModeResult: True : (C:\Users\james.bloom\Documents\Visual Studio 2010\Projects\BurritoPOS\BurritoPOS\service\Mongo\BurritoSvcMongoImpl.cs:186) 
DEBUG 2012-03-20 10:26:28,513 [TestRunnerThread] - Going to read burrito : (C:\Users\james.bloom\Documents\Visual Studio 2010\Projects\BurritoPOS\BurritoPOS\service\test\BurritoSvcImplTestCase.cs:62) 
 INFO 2012-03-20 10:26:28,523 [TestRunnerThread] - Entering method getBurrito | ID: 1 : (C:\Users\james.bloom\Documents\Visual Studio 2010\Projects\BurritoPOS\BurritoPOS\service\Mongo\BurritoSvcMongoImpl.cs:52) 
DEBUG 2012-03-20 10:26:28,527 [TestRunnerThread] - myDoc: { "_id" : ObjectId("4f689bab559a4e0668fa5333"), "id" : 1, "beef" : false, "blackBeans" : false, "brownRice" : false, "chicken" : false, "chiliTortilla" : false, "cucumber" : false, "flourTortilla" : false, "guacamole" : false, "herbGarlicTortilla" : false, "hummus" : false, "jalapenoCheddarTortilla" : false, "jalapenos" : false, "lettuce" : false, "onion" : false, "orderID" : 0, "pintoBeans" : false, "price" : "3.00", "salsaPico" : false, "salsaSpecial" : false, "salsaVerde" : false, "tomatoBasilTortilla" : false, "tomatoes" : false, "wheatTortilla" : false, "whiteRice" : false } : (C:\Users\james.bloom\Documents\Visual Studio 2010\Projects\BurritoPOS\BurritoPOS\service\Mongo\BurritoSvcMongoImpl.cs:74) 
DEBUG 2012-03-20 10:26:28,528 [TestRunnerThread] - Finishing setting burrito : (C:\Users\james.bloom\Documents\Visual Studio 2010\Projects\BurritoPOS\BurritoPOS\service\Mongo\BurritoSvcMongoImpl.cs:101) 
DEBUG 2012-03-20 10:26:28,528 [TestRunnerThread] - Going to update burrito : (C:\Users\james.bloom\Documents\Visual Studio 2010\Projects\BurritoPOS\BurritoPOS\service\test\BurritoSvcImplTestCase.cs:67) 
 INFO 2012-03-20 10:26:28,529 [TestRunnerThread] - Entering method storeBurrito | ID: 1 : (C:\Users\james.bloom\Documents\Visual Studio 2010\Projects\BurritoPOS\BurritoPOS\service\Mongo\BurritoSvcMongoImpl.cs:125) 
DEBUG 2012-03-20 10:26:28,529 [TestRunnerThread] - Finding if burrito exists : (C:\Users\james.bloom\Documents\Visual Studio 2010\Projects\BurritoPOS\BurritoPOS\service\Mongo\BurritoSvcMongoImpl.cs:140) 
DEBUG 2012-03-20 10:26:28,535 [TestRunnerThread] - Updating burrito : (C:\Users\james.bloom\Documents\Visual Studio 2010\Projects\BurritoPOS\BurritoPOS\service\Mongo\BurritoSvcMongoImpl.cs:180) 
DEBUG 2012-03-20 10:26:28,536 [TestRunnerThread] - myDoc: { "_id" : ObjectId("4f689bab559a4e0668fa5333"), "id" : 1, "beef" : false, "blackBeans" : false, "brownRice" : false, "chicken" : false, "chiliTortilla" : false, "cucumber" : false, "flourTortilla" : false, "guacamole" : false, "herbGarlicTortilla" : false, "hummus" : false, "jalapenoCheddarTortilla" : false, "jalapenos" : false, "lettuce" : false, "onion" : false, "orderID" : 0, "pintoBeans" : false, "price" : "3.00", "salsaPico" : false, "salsaSpecial" : false, "salsaVerde" : false, "tomatoBasilTortilla" : false, "tomatoes" : false, "wheatTortilla" : false, "whiteRice" : false } : (C:\Users\james.bloom\Documents\Visual Studio 2010\Projects\BurritoPOS\BurritoPOS\service\Mongo\BurritoSvcMongoImpl.cs:181) 
DEBUG 2012-03-20 10:26:28,536 [TestRunnerThread] - update Query: { "id" : 1, "beef" : false, "blackBeans" : false, "brownRice" : false, "chicken" : false, "chiliTortilla" : false, "cucumber" : false, "flourTortilla" : false, "guacamole" : false, "herbGarlicTortilla" : false, "hummus" : true, "jalapenoCheddarTortilla" : false, "jalapenos" : false, "lettuce" : false, "onion" : false, "orderID" : 0, "pintoBeans" : false, "price" : "3.00", "salsaPico" : false, "salsaSpecial" : false, "salsaVerde" : false, "tomatoBasilTortilla" : false, "tomatoes" : false, "wheatTortilla" : false, "whiteRice" : false } : (C:\Users\james.bloom\Documents\Visual Studio 2010\Projects\BurritoPOS\BurritoPOS\service\Mongo\BurritoSvcMongoImpl.cs:183) 
DEBUG 2012-03-20 10:26:28,537 [TestRunnerThread] - SafeModeResult: True : (C:\Users\james.bloom\Documents\Visual Studio 2010\Projects\BurritoPOS\BurritoPOS\service\Mongo\BurritoSvcMongoImpl.cs:186) 
DEBUG 2012-03-20 10:26:28,537 [TestRunnerThread] - Going to delete burrito : (C:\Users\james.bloom\Documents\Visual Studio 2010\Projects\BurritoPOS\BurritoPOS\service\test\BurritoSvcImplTestCase.cs:73) 
 INFO 2012-03-20 10:26:28,538 [TestRunnerThread] - Entering method deleteBurrito | ID:1 : (C:\Users\james.bloom\Documents\Visual Studio 2010\Projects\BurritoPOS\BurritoPOS\service\Mongo\BurritoSvcMongoImpl.cs:217) 
DEBUG 2012-03-20 10:26:28,539 [TestRunnerThread] - SafeModeResult: True : (C:\Users\james.bloom\Documents\Visual Studio 2010\Projects\BurritoPOS\BurritoPOS\service\Mongo\BurritoSvcMongoImpl.cs:234) 
DEBUG 2012-03-20 10:26:28,556 [TestRunnerThread] - In getServicename: ICustomerSvc : (C:\Users\james.bloom\Documents\Visual Studio 2010\Projects\BurritoPOS\BurritoPOS\service\Factory.cs:62) 
DEBUG 2012-03-20 10:26:28,561 [TestRunnerThread] - Got BurritoPOS.service.Mongo.CustomerSvcMongoImpl from properties.xml file for name: ICustomerSvc : (C:\Users\james.bloom\Documents\Visual Studio 2010\Projects\BurritoPOS\BurritoPOS\service\Factory.cs:89) 
 INFO 2012-03-20 10:26:28,575 [TestRunnerThread] - Entering method storeCustomer | ID: 1 : (C:\Users\james.bloom\Documents\Visual Studio 2010\Projects\BurritoPOS\BurritoPOS\service\Mongo\CustomerSvcMongoImpl.cs:104) 
DEBUG 2012-03-20 10:26:28,576 [TestRunnerThread] - Finding if customer exists : (C:\Users\james.bloom\Documents\Visual Studio 2010\Projects\BurritoPOS\BurritoPOS\service\Mongo\CustomerSvcMongoImpl.cs:119) 
DEBUG 2012-03-20 10:26:28,577 [TestRunnerThread] - Inserting customer : (C:\Users\james.bloom\Documents\Visual Studio 2010\Projects\BurritoPOS\BurritoPOS\service\Mongo\CustomerSvcMongoImpl.cs:129) 
 INFO 2012-03-20 10:26:28,578 [TestRunnerThread] - Entering method getCustomer | ID: 1 : (C:\Users\james.bloom\Documents\Visual Studio 2010\Projects\BurritoPOS\BurritoPOS\service\Mongo\CustomerSvcMongoImpl.cs:52) 
DEBUG 2012-03-20 10:26:28,580 [TestRunnerThread] - myDoc: { "_id" : ObjectId("4f68afb4559a4e1d2ce6b006"), "id" : 1, "emailAddress" : "jim@gmail.com", "lastName" : "Bloom", "firstName" : "Jim" } : (C:\Users\james.bloom\Documents\Visual Studio 2010\Projects\BurritoPOS\BurritoPOS\service\Mongo\CustomerSvcMongoImpl.cs:74) 
DEBUG 2012-03-20 10:26:28,581 [TestRunnerThread] - Finishing setting customer : (C:\Users\james.bloom\Documents\Visual Studio 2010\Projects\BurritoPOS\BurritoPOS\service\Mongo\CustomerSvcMongoImpl.cs:80) 
 INFO 2012-03-20 10:26:28,581 [TestRunnerThread] - Entering method storeCustomer | ID: 1 : (C:\Users\james.bloom\Documents\Visual Studio 2010\Projects\BurritoPOS\BurritoPOS\service\Mongo\CustomerSvcMongoImpl.cs:104) 
DEBUG 2012-03-20 10:26:28,582 [TestRunnerThread] - Finding if customer exists : (C:\Users\james.bloom\Documents\Visual Studio 2010\Projects\BurritoPOS\BurritoPOS\service\Mongo\CustomerSvcMongoImpl.cs:119) 
DEBUG 2012-03-20 10:26:28,584 [TestRunnerThread] - Updating customer : (C:\Users\james.bloom\Documents\Visual Studio 2010\Projects\BurritoPOS\BurritoPOS\service\Mongo\CustomerSvcMongoImpl.cs:138) 
DEBUG 2012-03-20 10:26:28,584 [TestRunnerThread] - myDoc: { "_id" : ObjectId("4f68afb4559a4e1d2ce6b006"), "id" : 1, "emailAddress" : "jim@gmail.com", "lastName" : "Bloom", "firstName" : "Jim" } : (C:\Users\james.bloom\Documents\Visual Studio 2010\Projects\BurritoPOS\BurritoPOS\service\Mongo\CustomerSvcMongoImpl.cs:139) 
DEBUG 2012-03-20 10:26:28,584 [TestRunnerThread] - update Query: { "id" : 1, "emailAddress" : "jim2@gmail.com", "lastName" : "Bloom", "firstName" : "Jim" } : (C:\Users\james.bloom\Documents\Visual Studio 2010\Projects\BurritoPOS\BurritoPOS\service\Mongo\CustomerSvcMongoImpl.cs:141) 
DEBUG 2012-03-20 10:26:28,586 [TestRunnerThread] - SafeModeResult: True : (C:\Users\james.bloom\Documents\Visual Studio 2010\Projects\BurritoPOS\BurritoPOS\service\Mongo\CustomerSvcMongoImpl.cs:144) 
 INFO 2012-03-20 10:26:28,588 [TestRunnerThread] - Entering method deleteCustomer | ID:1 : (C:\Users\james.bloom\Documents\Visual Studio 2010\Projects\BurritoPOS\BurritoPOS\service\Mongo\CustomerSvcMongoImpl.cs:175) 
DEBUG 2012-03-20 10:26:28,589 [TestRunnerThread] - SafeModeResult: True : (C:\Users\james.bloom\Documents\Visual Studio 2010\Projects\BurritoPOS\BurritoPOS\service\Mongo\CustomerSvcMongoImpl.cs:192) 
DEBUG 2012-03-20 10:26:28,606 [TestRunnerThread] - In getServicename: ICustomerSvc : (C:\Users\james.bloom\Documents\Visual Studio 2010\Projects\BurritoPOS\BurritoPOS\service\Factory.cs:62) 
DEBUG 2012-03-20 10:26:28,616 [TestRunnerThread] - Got BurritoPOS.service.Mongo.CustomerSvcMongoImpl from properties.xml file for name: ICustomerSvc : (C:\Users\james.bloom\Documents\Visual Studio 2010\Projects\BurritoPOS\BurritoPOS\service\Factory.cs:89) 
 INFO 2012-03-20 10:26:28,622 [TestRunnerThread] - Entering method getCustomer | ID: 1234 : (C:\Users\james.bloom\Documents\Visual Studio 2010\Projects\BurritoPOS\BurritoPOS\service\Mongo\CustomerSvcMongoImpl.cs:52) 
DEBUG 2012-03-20 10:26:28,625 [TestRunnerThread] - Finishing setting customer : (C:\Users\james.bloom\Documents\Visual Studio 2010\Projects\BurritoPOS\BurritoPOS\service\Mongo\CustomerSvcMongoImpl.cs:80) 
DEBUG 2012-03-20 10:26:28,635 [TestRunnerThread] - In getServicename: IEmployeeSvc : (C:\Users\james.bloom\Documents\Visual Studio 2010\Projects\BurritoPOS\BurritoPOS\service\Factory.cs:62) 
DEBUG 2012-03-20 10:26:28,636 [TestRunnerThread] - Got BurritoPOS.service.Mongo.EmployeeSvcMongoImpl from properties.xml file for name: IEmployeeSvc : (C:\Users\james.bloom\Documents\Visual Studio 2010\Projects\BurritoPOS\BurritoPOS\service\Factory.cs:89) 
 INFO 2012-03-20 10:26:28,648 [TestRunnerThread] - Entering method storeEmployee | ID: 1 : (C:\Users\james.bloom\Documents\Visual Studio 2010\Projects\BurritoPOS\BurritoPOS\service\Mongo\EmployeeSvcMongoImpl.cs:104) 
DEBUG 2012-03-20 10:26:28,650 [TestRunnerThread] - Finding if employee exists : (C:\Users\james.bloom\Documents\Visual Studio 2010\Projects\BurritoPOS\BurritoPOS\service\Mongo\EmployeeSvcMongoImpl.cs:119) 
DEBUG 2012-03-20 10:26:28,651 [TestRunnerThread] - Inserting employee : (C:\Users\james.bloom\Documents\Visual Studio 2010\Projects\BurritoPOS\BurritoPOS\service\Mongo\EmployeeSvcMongoImpl.cs:129) 
 INFO 2012-03-20 10:26:28,652 [TestRunnerThread] - Entering method getEmployee | ID: 1 : (C:\Users\james.bloom\Documents\Visual Studio 2010\Projects\BurritoPOS\BurritoPOS\service\Mongo\EmployeeSvcMongoImpl.cs:52) 
DEBUG 2012-03-20 10:26:28,654 [TestRunnerThread] - myDoc: { "_id" : ObjectId("4f68afb4559a4e1d2ce6b007"), "id" : 1, "firstName" : "Jim", "isManager" : false, "lastName" : "Bloom" } : (C:\Users\james.bloom\Documents\Visual Studio 2010\Projects\BurritoPOS\BurritoPOS\service\Mongo\EmployeeSvcMongoImpl.cs:74) 
DEBUG 2012-03-20 10:26:28,655 [TestRunnerThread] - Finishing setting employee : (C:\Users\james.bloom\Documents\Visual Studio 2010\Projects\BurritoPOS\BurritoPOS\service\Mongo\EmployeeSvcMongoImpl.cs:80) 
 INFO 2012-03-20 10:26:28,655 [TestRunnerThread] - Entering method storeEmployee | ID: 1 : (C:\Users\james.bloom\Documents\Visual Studio 2010\Projects\BurritoPOS\BurritoPOS\service\Mongo\EmployeeSvcMongoImpl.cs:104) 
DEBUG 2012-03-20 10:26:28,656 [TestRunnerThread] - Finding if employee exists : (C:\Users\james.bloom\Documents\Visual Studio 2010\Projects\BurritoPOS\BurritoPOS\service\Mongo\EmployeeSvcMongoImpl.cs:119) 
DEBUG 2012-03-20 10:26:28,656 [TestRunnerThread] - Updating employee : (C:\Users\james.bloom\Documents\Visual Studio 2010\Projects\BurritoPOS\BurritoPOS\service\Mongo\EmployeeSvcMongoImpl.cs:138) 
DEBUG 2012-03-20 10:26:28,657 [TestRunnerThread] - myDoc: { "_id" : ObjectId("4f68afb4559a4e1d2ce6b007"), "id" : 1, "firstName" : "Jim", "isManager" : false, "lastName" : "Bloom" } : (C:\Users\james.bloom\Documents\Visual Studio 2010\Projects\BurritoPOS\BurritoPOS\service\Mongo\EmployeeSvcMongoImpl.cs:139) 
DEBUG 2012-03-20 10:26:28,657 [TestRunnerThread] - update Query: { "id" : 1, "firstName" : "Jim", "isManager" : false, "lastName" : "Smith" } : (C:\Users\james.bloom\Documents\Visual Studio 2010\Projects\BurritoPOS\BurritoPOS\service\Mongo\EmployeeSvcMongoImpl.cs:141) 
DEBUG 2012-03-20 10:26:28,658 [TestRunnerThread] - SafeModeResult: True : (C:\Users\james.bloom\Documents\Visual Studio 2010\Projects\BurritoPOS\BurritoPOS\service\Mongo\EmployeeSvcMongoImpl.cs:144) 
 INFO 2012-03-20 10:26:28,659 [TestRunnerThread] - Entering method deleteEmployee | ID:1 : (C:\Users\james.bloom\Documents\Visual Studio 2010\Projects\BurritoPOS\BurritoPOS\service\Mongo\EmployeeSvcMongoImpl.cs:175) 
DEBUG 2012-03-20 10:26:28,661 [TestRunnerThread] - SafeModeResult: True : (C:\Users\james.bloom\Documents\Visual Studio 2010\Projects\BurritoPOS\BurritoPOS\service\Mongo\EmployeeSvcMongoImpl.cs:192) 
DEBUG 2012-03-20 10:26:28,681 [TestRunnerThread] - In getServicename: IInventorySvc : (C:\Users\james.bloom\Documents\Visual Studio 2010\Projects\BurritoPOS\BurritoPOS\service\Factory.cs:62) 
DEBUG 2012-03-20 10:26:28,691 [TestRunnerThread] - Got BurritoPOS.service.Mongo.InventorySvcMongoImpl from properties.xml file for name: IInventorySvc : (C:\Users\james.bloom\Documents\Visual Studio 2010\Projects\BurritoPOS\BurritoPOS\service\Factory.cs:89) 
 INFO 2012-03-20 10:26:28,702 [TestRunnerThread] - Entering method storeInventory | ID: 1 : (C:\Users\james.bloom\Documents\Visual Studio 2010\Projects\BurritoPOS\BurritoPOS\service\Mongo\InventorySvcMongoImpl.cs:123) 
DEBUG 2012-03-20 10:26:28,711 [TestRunnerThread] - Finding if inventory exists : (C:\Users\james.bloom\Documents\Visual Studio 2010\Projects\BurritoPOS\BurritoPOS\service\Mongo\InventorySvcMongoImpl.cs:138) 
DEBUG 2012-03-20 10:26:28,714 [TestRunnerThread] - Inserting inventory : (C:\Users\james.bloom\Documents\Visual Studio 2010\Projects\BurritoPOS\BurritoPOS\service\Mongo\InventorySvcMongoImpl.cs:167) 
 INFO 2012-03-20 10:26:28,720 [TestRunnerThread] - Entering method getInventory | ID: 1 : (C:\Users\james.bloom\Documents\Visual Studio 2010\Projects\BurritoPOS\BurritoPOS\service\Mongo\InventorySvcMongoImpl.cs:52) 
DEBUG 2012-03-20 10:26:28,732 [TestRunnerThread] - myDoc: { "_id" : ObjectId("4f68afb4559a4e1d2ce6b008"), "id" : 1, "beefQty" : 50, "blackBeansQty" : 50, "brownRiceQty" : 50, "chickenQty" : 50, "chiliTortillaQty" : 50, "cucumberQty" : 50, "flourTortillaQty" : 50, "guacamoleQty" : 50, "herbGarlicTortillaQty" : 50, "hummusQty" : 50, "jalapenoCheddarTortillaQty" : 50, "jalapenosQty" : 50, "lettuceQty" : 50, "onionQty" : 50, "pintoBeansQty" : 50, "salsaPicoQty" : 50, "salsaSpecialQty" : 50, "salsaVerdeQty" : 50, "tomatoBasilTortillaQty" : 50, "tomatoesQty" : 50, "wheatTortillaQty" : 50, "whiteRiceQty" : 50 } : (C:\Users\james.bloom\Documents\Visual Studio 2010\Projects\BurritoPOS\BurritoPOS\service\Mongo\InventorySvcMongoImpl.cs:74) 
DEBUG 2012-03-20 10:26:28,735 [TestRunnerThread] - Finishing setting inventory : (C:\Users\james.bloom\Documents\Visual Studio 2010\Projects\BurritoPOS\BurritoPOS\service\Mongo\InventorySvcMongoImpl.cs:99) 
 INFO 2012-03-20 10:26:28,738 [TestRunnerThread] - Entering method storeInventory | ID: 1 : (C:\Users\james.bloom\Documents\Visual Studio 2010\Projects\BurritoPOS\BurritoPOS\service\Mongo\InventorySvcMongoImpl.cs:123) 
DEBUG 2012-03-20 10:26:28,739 [TestRunnerThread] - Finding if inventory exists : (C:\Users\james.bloom\Documents\Visual Studio 2010\Projects\BurritoPOS\BurritoPOS\service\Mongo\InventorySvcMongoImpl.cs:138) 
DEBUG 2012-03-20 10:26:28,742 [TestRunnerThread] - Updating inventory : (C:\Users\james.bloom\Documents\Visual Studio 2010\Projects\BurritoPOS\BurritoPOS\service\Mongo\InventorySvcMongoImpl.cs:176) 
DEBUG 2012-03-20 10:26:28,744 [TestRunnerThread] - myDoc: { "_id" : ObjectId("4f68afb4559a4e1d2ce6b008"), "id" : 1, "beefQty" : 50, "blackBeansQty" : 50, "brownRiceQty" : 50, "chickenQty" : 50, "chiliTortillaQty" : 50, "cucumberQty" : 50, "flourTortillaQty" : 50, "guacamoleQty" : 50, "herbGarlicTortillaQty" : 50, "hummusQty" : 50, "jalapenoCheddarTortillaQty" : 50, "jalapenosQty" : 50, "lettuceQty" : 50, "onionQty" : 50, "pintoBeansQty" : 50, "salsaPicoQty" : 50, "salsaSpecialQty" : 50, "salsaVerdeQty" : 50, "tomatoBasilTortillaQty" : 50, "tomatoesQty" : 50, "wheatTortillaQty" : 50, "whiteRiceQty" : 50 } : (C:\Users\james.bloom\Documents\Visual Studio 2010\Projects\BurritoPOS\BurritoPOS\service\Mongo\InventorySvcMongoImpl.cs:177) 
DEBUG 2012-03-20 10:26:28,746 [TestRunnerThread] - update Query: { "id" : 1, "beefQty" : 50, "blackBeansQty" : 3, "brownRiceQty" : 50, "chickenQty" : 50, "chiliTortillaQty" : 50, "cucumberQty" : 17, "flourTortillaQty" : 50, "guacamoleQty" : 50, "herbGarlicTortillaQty" : 50, "hummusQty" : 50, "jalapenoCheddarTortillaQty" : 50, "jalapenosQty" : 50, "lettuceQty" : 50, "onionQty" : 50, "pintoBeansQty" : 50, "salsaPicoQty" : 50, "salsaSpecialQty" : 50, "salsaVerdeQty" : 12, "tomatoBasilTortillaQty" : 50, "tomatoesQty" : 50, "wheatTortillaQty" : 50, "whiteRiceQty" : 50 } : (C:\Users\james.bloom\Documents\Visual Studio 2010\Projects\BurritoPOS\BurritoPOS\service\Mongo\InventorySvcMongoImpl.cs:179) 
DEBUG 2012-03-20 10:26:28,749 [TestRunnerThread] - SafeModeResult: True : (C:\Users\james.bloom\Documents\Visual Studio 2010\Projects\BurritoPOS\BurritoPOS\service\Mongo\InventorySvcMongoImpl.cs:182) 
 INFO 2012-03-20 10:26:28,757 [TestRunnerThread] - Entering method deleteInventory | ID:1 : (C:\Users\james.bloom\Documents\Visual Studio 2010\Projects\BurritoPOS\BurritoPOS\service\Mongo\InventorySvcMongoImpl.cs:213) 
DEBUG 2012-03-20 10:26:28,759 [TestRunnerThread] - SafeModeResult: True : (C:\Users\james.bloom\Documents\Visual Studio 2010\Projects\BurritoPOS\BurritoPOS\service\Mongo\InventorySvcMongoImpl.cs:230) 
DEBUG 2012-03-20 10:26:28,777 [TestRunnerThread] - In getServicename: IManagerSvc : (C:\Users\james.bloom\Documents\Visual Studio 2010\Projects\BurritoPOS\BurritoPOS\service\Factory.cs:62) 
DEBUG 2012-03-20 10:26:28,781 [TestRunnerThread] - Got BurritoPOS.service.Mongo.ManagerSvcMongoImpl from properties.xml file for name: IManagerSvc : (C:\Users\james.bloom\Documents\Visual Studio 2010\Projects\BurritoPOS\BurritoPOS\service\Factory.cs:89) 
 INFO 2012-03-20 10:26:28,793 [TestRunnerThread] - Entering method storeManager | ID: 1 : (C:\Users\james.bloom\Documents\Visual Studio 2010\Projects\BurritoPOS\BurritoPOS\service\Mongo\ManagerSvcMongoImpl.cs:104) 
DEBUG 2012-03-20 10:26:28,803 [TestRunnerThread] - Finding if manager exists : (C:\Users\james.bloom\Documents\Visual Studio 2010\Projects\BurritoPOS\BurritoPOS\service\Mongo\ManagerSvcMongoImpl.cs:119) 
DEBUG 2012-03-20 10:26:28,805 [TestRunnerThread] - Inserting manager : (C:\Users\james.bloom\Documents\Visual Studio 2010\Projects\BurritoPOS\BurritoPOS\service\Mongo\ManagerSvcMongoImpl.cs:129) 
 INFO 2012-03-20 10:26:28,806 [TestRunnerThread] - Entering method getManager | ID: 1 : (C:\Users\james.bloom\Documents\Visual Studio 2010\Projects\BurritoPOS\BurritoPOS\service\Mongo\ManagerSvcMongoImpl.cs:52) 
DEBUG 2012-03-20 10:26:28,808 [TestRunnerThread] - myDoc: { "_id" : ObjectId("4f68afb4559a4e1d2ce6b009"), "id" : 1, "firstName" : "Jim", "isManager" : true, "lastName" : "Bloom" } : (C:\Users\james.bloom\Documents\Visual Studio 2010\Projects\BurritoPOS\BurritoPOS\service\Mongo\ManagerSvcMongoImpl.cs:74) 
DEBUG 2012-03-20 10:26:28,809 [TestRunnerThread] - Finishing setting manager : (C:\Users\james.bloom\Documents\Visual Studio 2010\Projects\BurritoPOS\BurritoPOS\service\Mongo\ManagerSvcMongoImpl.cs:80) 
 INFO 2012-03-20 10:26:28,809 [TestRunnerThread] - Entering method storeManager | ID: 1 : (C:\Users\james.bloom\Documents\Visual Studio 2010\Projects\BurritoPOS\BurritoPOS\service\Mongo\ManagerSvcMongoImpl.cs:104) 
DEBUG 2012-03-20 10:26:28,810 [TestRunnerThread] - Finding if manager exists : (C:\Users\james.bloom\Documents\Visual Studio 2010\Projects\BurritoPOS\BurritoPOS\service\Mongo\ManagerSvcMongoImpl.cs:119) 
DEBUG 2012-03-20 10:26:28,811 [TestRunnerThread] - Updating manager : (C:\Users\james.bloom\Documents\Visual Studio 2010\Projects\BurritoPOS\BurritoPOS\service\Mongo\ManagerSvcMongoImpl.cs:138) 
DEBUG 2012-03-20 10:26:28,811 [TestRunnerThread] - myDoc: { "_id" : ObjectId("4f68afb4559a4e1d2ce6b009"), "id" : 1, "firstName" : "Jim", "isManager" : true, "lastName" : "Bloom" } : (C:\Users\james.bloom\Documents\Visual Studio 2010\Projects\BurritoPOS\BurritoPOS\service\Mongo\ManagerSvcMongoImpl.cs:139) 
DEBUG 2012-03-20 10:26:28,812 [TestRunnerThread] - update Query: { "id" : 1, "firstName" : "Jim", "isManager" : true, "lastName" : "Smith" } : (C:\Users\james.bloom\Documents\Visual Studio 2010\Projects\BurritoPOS\BurritoPOS\service\Mongo\ManagerSvcMongoImpl.cs:141) 
DEBUG 2012-03-20 10:26:28,820 [TestRunnerThread] - SafeModeResult: True : (C:\Users\james.bloom\Documents\Visual Studio 2010\Projects\BurritoPOS\BurritoPOS\service\Mongo\ManagerSvcMongoImpl.cs:144) 
 INFO 2012-03-20 10:26:28,821 [TestRunnerThread] - Entering method deleteManager | ID:1 : (C:\Users\james.bloom\Documents\Visual Studio 2010\Projects\BurritoPOS\BurritoPOS\service\Mongo\ManagerSvcMongoImpl.cs:175) 
DEBUG 2012-03-20 10:26:28,822 [TestRunnerThread] - SafeModeResult: True : (C:\Users\james.bloom\Documents\Visual Studio 2010\Projects\BurritoPOS\BurritoPOS\service\Mongo\ManagerSvcMongoImpl.cs:192) 
DEBUG 2012-03-20 10:26:28,842 [TestRunnerThread] - In getServicename: IOrderSvc : (C:\Users\james.bloom\Documents\Visual Studio 2010\Projects\BurritoPOS\BurritoPOS\service\Factory.cs:62) 
DEBUG 2012-03-20 10:26:28,844 [TestRunnerThread] - Got BurritoPOS.service.Mongo.OrderSvcMongoImpl from properties.xml file for name: IOrderSvc : (C:\Users\james.bloom\Documents\Visual Studio 2010\Projects\BurritoPOS\BurritoPOS\service\Factory.cs:89) 
DEBUG 2012-03-20 10:26:28,854 [TestRunnerThread] - In getServicename: IBurritoSvc : (C:\Users\james.bloom\Documents\Visual Studio 2010\Projects\BurritoPOS\BurritoPOS\service\Factory.cs:62) 
DEBUG 2012-03-20 10:26:28,863 [TestRunnerThread] - Got BurritoPOS.service.Mongo.BurritoSvcMongoImpl from properties.xml file for name: IBurritoSvc : (C:\Users\james.bloom\Documents\Visual Studio 2010\Projects\BurritoPOS\BurritoPOS\service\Factory.cs:89) 
 INFO 2012-03-20 10:26:28,874 [TestRunnerThread] - Entering method storeOrder | ID: 1 : (C:\Users\james.bloom\Documents\Visual Studio 2010\Projects\BurritoPOS\BurritoPOS\service\Mongo\OrderSvcMongoImpl.cs:158) 
DEBUG 2012-03-20 10:26:28,883 [TestRunnerThread] - Finding if order exists : (C:\Users\james.bloom\Documents\Visual Studio 2010\Projects\BurritoPOS\BurritoPOS\service\Mongo\OrderSvcMongoImpl.cs:173) 
DEBUG 2012-03-20 10:26:28,886 [TestRunnerThread] - Inserting order : (C:\Users\james.bloom\Documents\Visual Studio 2010\Projects\BurritoPOS\BurritoPOS\service\Mongo\OrderSvcMongoImpl.cs:184) 
DEBUG 2012-03-20 10:26:28,888 [TestRunnerThread] - Trying to insert 1 burritos : (C:\Users\james.bloom\Documents\Visual Studio 2010\Projects\BurritoPOS\BurritoPOS\service\Mongo\OrderSvcMongoImpl.cs:214) 
DEBUG 2012-03-20 10:26:28,891 [TestRunnerThread] - Set order ID 1 for burrito: 0 : (C:\Users\james.bloom\Documents\Visual Studio 2010\Projects\BurritoPOS\BurritoPOS\service\Mongo\OrderSvcMongoImpl.cs:220) 
DEBUG 2012-03-20 10:26:28,892 [TestRunnerThread] - Storing burrito: 0 : (C:\Users\james.bloom\Documents\Visual Studio 2010\Projects\BurritoPOS\BurritoPOS\service\Mongo\OrderSvcMongoImpl.cs:223) 
 INFO 2012-03-20 10:26:28,894 [TestRunnerThread] - Entering method storeBurrito | ID: 1 : (C:\Users\james.bloom\Documents\Visual Studio 2010\Projects\BurritoPOS\BurritoPOS\service\Mongo\BurritoSvcMongoImpl.cs:125) 
DEBUG 2012-03-20 10:26:28,896 [TestRunnerThread] - Finding if burrito exists : (C:\Users\james.bloom\Documents\Visual Studio 2010\Projects\BurritoPOS\BurritoPOS\service\Mongo\BurritoSvcMongoImpl.cs:140) 
DEBUG 2012-03-20 10:26:28,899 [TestRunnerThread] - Inserting burrito : (C:\Users\james.bloom\Documents\Visual Studio 2010\Projects\BurritoPOS\BurritoPOS\service\Mongo\BurritoSvcMongoImpl.cs:171) 
 INFO 2012-03-20 10:26:28,901 [TestRunnerThread] - Entering method getOrder | ID: 1 : (C:\Users\james.bloom\Documents\Visual Studio 2010\Projects\BurritoPOS\BurritoPOS\service\Mongo\OrderSvcMongoImpl.cs:57) 
DEBUG 2012-03-20 10:26:28,903 [TestRunnerThread] - myDoc: { "_id" : ObjectId("4f68afb4559a4e1d2ce6b00a"), "id" : 1, "isComplete" : false, "isSubmitted" : false, "orderDate" : ISODate("2012-03-20T16:26:28.842Z"), "totalCost" : "17.00" } : (C:\Users\james.bloom\Documents\Visual Studio 2010\Projects\BurritoPOS\BurritoPOS\service\Mongo\OrderSvcMongoImpl.cs:79) 
DEBUG 2012-03-20 10:26:28,905 [TestRunnerThread] - Getting burritos : (C:\Users\james.bloom\Documents\Visual Studio 2010\Projects\BurritoPOS\BurritoPOS\service\Mongo\OrderSvcMongoImpl.cs:88) 
DEBUG 2012-03-20 10:26:28,909 [TestRunnerThread] - Finishing setting order : (C:\Users\james.bloom\Documents\Visual Studio 2010\Projects\BurritoPOS\BurritoPOS\service\Mongo\OrderSvcMongoImpl.cs:134) 
DEBUG 2012-03-20 10:26:28,912 [TestRunnerThread] - orderID: 1 | burritos: 1 | isSubmitted: False | isComplete: False | totalCost: 17.00 : (C:\Users\james.bloom\Documents\Visual Studio 2010\Projects\BurritoPOS\BurritoPOS\domain\Order.cs:86) 
 INFO 2012-03-20 10:26:28,915 [TestRunnerThread] - Entering method storeOrder | ID: 1 : (C:\Users\james.bloom\Documents\Visual Studio 2010\Projects\BurritoPOS\BurritoPOS\service\Mongo\OrderSvcMongoImpl.cs:158) 
DEBUG 2012-03-20 10:26:28,917 [TestRunnerThread] - Finding if order exists : (C:\Users\james.bloom\Documents\Visual Studio 2010\Projects\BurritoPOS\BurritoPOS\service\Mongo\OrderSvcMongoImpl.cs:173) 
DEBUG 2012-03-20 10:26:28,919 [TestRunnerThread] - Updating order : (C:\Users\james.bloom\Documents\Visual Studio 2010\Projects\BurritoPOS\BurritoPOS\service\Mongo\OrderSvcMongoImpl.cs:193) 
DEBUG 2012-03-20 10:26:28,921 [TestRunnerThread] - myDoc: { "_id" : ObjectId("4f68afb4559a4e1d2ce6b00a"), "id" : 1, "isComplete" : false, "isSubmitted" : false, "orderDate" : ISODate("2012-03-20T16:26:28.842Z"), "totalCost" : "17.00" } : (C:\Users\james.bloom\Documents\Visual Studio 2010\Projects\BurritoPOS\BurritoPOS\service\Mongo\OrderSvcMongoImpl.cs:194) 
DEBUG 2012-03-20 10:26:28,922 [TestRunnerThread] - update Query: { "id" : 1, "isComplete" : true, "isSubmitted" : true, "orderDate" : ISODate("2012-03-20T16:26:28.842Z"), "totalCost" : "17.00" } : (C:\Users\james.bloom\Documents\Visual Studio 2010\Projects\BurritoPOS\BurritoPOS\service\Mongo\OrderSvcMongoImpl.cs:196) 
DEBUG 2012-03-20 10:26:28,925 [TestRunnerThread] - SafeModeResult: True : (C:\Users\james.bloom\Documents\Visual Studio 2010\Projects\BurritoPOS\BurritoPOS\service\Mongo\OrderSvcMongoImpl.cs:199) 
DEBUG 2012-03-20 10:26:28,927 [TestRunnerThread] - Trying to insert 1 burritos : (C:\Users\james.bloom\Documents\Visual Studio 2010\Projects\BurritoPOS\BurritoPOS\service\Mongo\OrderSvcMongoImpl.cs:214) 
DEBUG 2012-03-20 10:26:28,929 [TestRunnerThread] - Set order ID 1 for burrito: 0 : (C:\Users\james.bloom\Documents\Visual Studio 2010\Projects\BurritoPOS\BurritoPOS\service\Mongo\OrderSvcMongoImpl.cs:220) 
DEBUG 2012-03-20 10:26:28,931 [TestRunnerThread] - Storing burrito: 0 : (C:\Users\james.bloom\Documents\Visual Studio 2010\Projects\BurritoPOS\BurritoPOS\service\Mongo\OrderSvcMongoImpl.cs:223) 
 INFO 2012-03-20 10:26:28,932 [TestRunnerThread] - Entering method storeBurrito | ID: 1 : (C:\Users\james.bloom\Documents\Visual Studio 2010\Projects\BurritoPOS\BurritoPOS\service\Mongo\BurritoSvcMongoImpl.cs:125) 
DEBUG 2012-03-20 10:26:28,934 [TestRunnerThread] - Finding if burrito exists : (C:\Users\james.bloom\Documents\Visual Studio 2010\Projects\BurritoPOS\BurritoPOS\service\Mongo\BurritoSvcMongoImpl.cs:140) 
DEBUG 2012-03-20 10:26:28,937 [TestRunnerThread] - Updating burrito : (C:\Users\james.bloom\Documents\Visual Studio 2010\Projects\BurritoPOS\BurritoPOS\service\Mongo\BurritoSvcMongoImpl.cs:180) 
DEBUG 2012-03-20 10:26:28,940 [TestRunnerThread] - myDoc: { "_id" : ObjectId("4f68afb4559a4e1d2ce6b00b"), "id" : 1, "beef" : false, "blackBeans" : false, "brownRice" : false, "chicken" : false, "chiliTortilla" : false, "cucumber" : false, "flourTortilla" : false, "guacamole" : false, "herbGarlicTortilla" : false, "hummus" : false, "jalapenoCheddarTortilla" : false, "jalapenos" : false, "lettuce" : false, "onion" : false, "orderID" : 1, "pintoBeans" : false, "price" : "3.00", "salsaPico" : false, "salsaSpecial" : false, "salsaVerde" : false, "tomatoBasilTortilla" : false, "tomatoes" : false, "wheatTortilla" : false, "whiteRice" : false } : (C:\Users\james.bloom\Documents\Visual Studio 2010\Projects\BurritoPOS\BurritoPOS\service\Mongo\BurritoSvcMongoImpl.cs:181) 
DEBUG 2012-03-20 10:26:28,943 [TestRunnerThread] - update Query: { "id" : 1, "beef" : false, "blackBeans" : false, "brownRice" : false, "chicken" : false, "chiliTortilla" : false, "cucumber" : false, "flourTortilla" : false, "guacamole" : false, "herbGarlicTortilla" : false, "hummus" : false, "jalapenoCheddarTortilla" : false, "jalapenos" : false, "lettuce" : false, "onion" : false, "orderID" : 1, "pintoBeans" : false, "price" : "3.00", "salsaPico" : false, "salsaSpecial" : false, "salsaVerde" : false, "tomatoBasilTortilla" : false, "tomatoes" : false, "wheatTortilla" : false, "whiteRice" : false } : (C:\Users\james.bloom\Documents\Visual Studio 2010\Projects\BurritoPOS\BurritoPOS\service\Mongo\BurritoSvcMongoImpl.cs:183) 
DEBUG 2012-03-20 10:26:28,951 [TestRunnerThread] - SafeModeResult: True : (C:\Users\james.bloom\Documents\Visual Studio 2010\Projects\BurritoPOS\BurritoPOS\service\Mongo\BurritoSvcMongoImpl.cs:186) 
 INFO 2012-03-20 10:26:28,953 [TestRunnerThread] - Entering method deleteOrder | ID:1 : (C:\Users\james.bloom\Documents\Visual Studio 2010\Projects\BurritoPOS\BurritoPOS\service\Mongo\OrderSvcMongoImpl.cs:250) 
DEBUG 2012-03-20 10:26:28,963 [TestRunnerThread] - SafeModeResult: True : (C:\Users\james.bloom\Documents\Visual Studio 2010\Projects\BurritoPOS\BurritoPOS\service\Mongo\OrderSvcMongoImpl.cs:267) 
