DEBUG 2012-06-13 12:51:46,327 [7] - curKey: IBurritoSvcvalue: BurritoPOS.service.Mongo.BurritoSvcMongoImplhashmap size: 1 : (C:\Users\james.bloom\Documents\Visual Studio 2010\Projects\BurritoPOS\BurritoPOS\service\Factory.cs:164) 
DEBUG 2012-06-13 12:51:46,347 [7] - curKey: ICustomerSvcvalue: BurritoPOS.service.Mongo.CustomerSvcMongoImplhashmap size: 2 : (C:\Users\james.bloom\Documents\Visual Studio 2010\Projects\BurritoPOS\BurritoPOS\service\Factory.cs:164) 
DEBUG 2012-06-13 12:51:46,348 [7] - curKey: IEmployeeSvcvalue: BurritoPOS.service.Mongo.EmployeeSvcMongoImplhashmap size: 3 : (C:\Users\james.bloom\Documents\Visual Studio 2010\Projects\BurritoPOS\BurritoPOS\service\Factory.cs:164) 
DEBUG 2012-06-13 12:51:46,348 [7] - curKey: IInventorySvcvalue: BurritoPOS.service.Mongo.InventorySvcMongoImplhashmap size: 4 : (C:\Users\james.bloom\Documents\Visual Studio 2010\Projects\BurritoPOS\BurritoPOS\service\Factory.cs:164) 
DEBUG 2012-06-13 12:51:46,348 [7] - curKey: IManagerSvcvalue: BurritoPOS.service.Mongo.ManagerSvcMongoImplhashmap size: 5 : (C:\Users\james.bloom\Documents\Visual Studio 2010\Projects\BurritoPOS\BurritoPOS\service\Factory.cs:164) 
DEBUG 2012-06-13 12:51:46,362 [7] - curKey: IOrderSvcvalue: BurritoPOS.service.Mongo.OrderSvcMongoImplhashmap size: 6 : (C:\Users\james.bloom\Documents\Visual Studio 2010\Projects\BurritoPOS\BurritoPOS\service\Factory.cs:164) 
DEBUG 2012-06-13 12:51:46,362 [7] - curKey: IAuthenticationSvcvalue: BurritoPOS.service.AuthenticationSvcSocketImplhashmap size: 7 : (C:\Users\james.bloom\Documents\Visual Studio 2010\Projects\BurritoPOS\BurritoPOS\service\Factory.cs:164) 
DEBUG 2012-06-13 12:51:46,461 [7] - In getServicename: IBurritoSvc : (C:\Users\james.bloom\Documents\Visual Studio 2010\Projects\BurritoPOS\BurritoPOS\service\Factory.cs:59) 
DEBUG 2012-06-13 12:51:46,464 [7] - Got BurritoPOS.service.Mongo.BurritoSvcMongoImpl from properties.xml file for name: IBurritoSvc : (C:\Users\james.bloom\Documents\Visual Studio 2010\Projects\BurritoPOS\BurritoPOS\service\Factory.cs:89) 
DEBUG 2012-06-13 12:52:16,217 [7] - User/Pass are good : (C:\Users\james.bloom\Documents\Visual Studio 2010\Projects\BurritoPOS\BurritoPOS\presentation\LoginUI.cs:62) 
DEBUG 2012-06-13 12:52:16,222 [7] - Local address and port: 192.168.117.1 | 8000 : (C:\Users\james.bloom\Documents\Visual Studio 2010\Projects\BurritoPOS\BurritoPOS\service\Sockets\AuthenticationSvcSocketImpl.cs:48) 
DEBUG 2012-06-13 12:52:16,223 [7] - In readObject : (C:\Users\james.bloom\Documents\Visual Studio 2010\Projects\BurritoPOS\BurritoPOS\service\Sockets\AuthenticationSvcSocketImpl.cs:156) 
DEBUG 2012-06-13 12:52:16,722 [7] - INPUT | Burrito POS Server Connected. Enter Username: : (C:\Users\james.bloom\Documents\Visual Studio 2010\Projects\BurritoPOS\BurritoPOS\service\Sockets\AuthenticationSvcSocketImpl.cs:164) 
DEBUG 2012-06-13 12:52:16,722 [7] - OUPUT | JimB : (C:\Users\james.bloom\Documents\Visual Studio 2010\Projects\BurritoPOS\BurritoPOS\service\Sockets\AuthenticationSvcSocketImpl.cs:138) 
DEBUG 2012-06-13 12:52:16,722 [7] - In readObject : (C:\Users\james.bloom\Documents\Visual Studio 2010\Projects\BurritoPOS\BurritoPOS\service\Sockets\AuthenticationSvcSocketImpl.cs:156) 
DEBUG 2012-06-13 12:52:16,780 [7] - INPUT | OK User JimB, enter password: : (C:\Users\james.bloom\Documents\Visual Studio 2010\Projects\BurritoPOS\BurritoPOS\service\Sockets\AuthenticationSvcSocketImpl.cs:164) 
DEBUG 2012-06-13 12:52:16,780 [7] - OUPUT | pass123 : (C:\Users\james.bloom\Documents\Visual Studio 2010\Projects\BurritoPOS\BurritoPOS\service\Sockets\AuthenticationSvcSocketImpl.cs:138) 
DEBUG 2012-06-13 12:52:16,780 [7] - In readObject : (C:\Users\james.bloom\Documents\Visual Studio 2010\Projects\BurritoPOS\BurritoPOS\service\Sockets\AuthenticationSvcSocketImpl.cs:156) 
DEBUG 2012-06-13 12:52:16,980 [7] - INPUT | ERROR Invalid Credentials. Enter Username: : (C:\Users\james.bloom\Documents\Visual Studio 2010\Projects\BurritoPOS\BurritoPOS\service\Sockets\AuthenticationSvcSocketImpl.cs:164) 
DEBUG 2012-06-13 12:52:16,980 [7] - OUPUT | exit : (C:\Users\james.bloom\Documents\Visual Studio 2010\Projects\BurritoPOS\BurritoPOS\service\Sockets\AuthenticationSvcSocketImpl.cs:138) 
DEBUG 2012-06-13 12:55:43,913 [9] - curKey: IBurritoSvcvalue: BurritoPOS.service.Mongo.BurritoSvcMongoImplhashmap size: 1 : (C:\Users\james.bloom\Documents\Visual Studio 2010\Projects\BurritoPOS\BurritoPOS\service\Factory.cs:164) 
DEBUG 2012-06-13 12:55:43,933 [9] - curKey: ICustomerSvcvalue: BurritoPOS.service.Mongo.CustomerSvcMongoImplhashmap size: 2 : (C:\Users\james.bloom\Documents\Visual Studio 2010\Projects\BurritoPOS\BurritoPOS\service\Factory.cs:164) 
DEBUG 2012-06-13 12:55:43,934 [9] - curKey: IEmployeeSvcvalue: BurritoPOS.service.Mongo.EmployeeSvcMongoImplhashmap size: 3 : (C:\Users\james.bloom\Documents\Visual Studio 2010\Projects\BurritoPOS\BurritoPOS\service\Factory.cs:164) 
DEBUG 2012-06-13 12:55:43,934 [9] - curKey: IInventorySvcvalue: BurritoPOS.service.Mongo.InventorySvcMongoImplhashmap size: 4 : (C:\Users\james.bloom\Documents\Visual Studio 2010\Projects\BurritoPOS\BurritoPOS\service\Factory.cs:164) 
DEBUG 2012-06-13 12:55:43,935 [9] - curKey: IManagerSvcvalue: BurritoPOS.service.Mongo.ManagerSvcMongoImplhashmap size: 5 : (C:\Users\james.bloom\Documents\Visual Studio 2010\Projects\BurritoPOS\BurritoPOS\service\Factory.cs:164) 
DEBUG 2012-06-13 12:55:43,947 [9] - curKey: IOrderSvcvalue: BurritoPOS.service.Mongo.OrderSvcMongoImplhashmap size: 6 : (C:\Users\james.bloom\Documents\Visual Studio 2010\Projects\BurritoPOS\BurritoPOS\service\Factory.cs:164) 
DEBUG 2012-06-13 12:55:43,947 [9] - curKey: IAuthenticationSvcvalue: BurritoPOS.service.AuthenticationSvcSocketImplhashmap size: 7 : (C:\Users\james.bloom\Documents\Visual Studio 2010\Projects\BurritoPOS\BurritoPOS\service\Factory.cs:164) 
DEBUG 2012-06-13 12:55:44,036 [9] - In getServicename: IBurritoSvc : (C:\Users\james.bloom\Documents\Visual Studio 2010\Projects\BurritoPOS\BurritoPOS\service\Factory.cs:59) 
DEBUG 2012-06-13 12:55:44,038 [9] - Got BurritoPOS.service.Mongo.BurritoSvcMongoImpl from properties.xml file for name: IBurritoSvc : (C:\Users\james.bloom\Documents\Visual Studio 2010\Projects\BurritoPOS\BurritoPOS\service\Factory.cs:89) 
DEBUG 2012-06-13 12:55:52,988 [9] - User/Pass are good : (C:\Users\james.bloom\Documents\Visual Studio 2010\Projects\BurritoPOS\BurritoPOS\presentation\LoginUI.cs:62) 
DEBUG 2012-06-13 12:55:52,993 [9] - Local address and port: 192.168.117.1 | 8000 : (C:\Users\james.bloom\Documents\Visual Studio 2010\Projects\BurritoPOS\BurritoPOS\service\Sockets\AuthenticationSvcSocketImpl.cs:48) 
DEBUG 2012-06-13 12:55:52,995 [9] - In readObject : (C:\Users\james.bloom\Documents\Visual Studio 2010\Projects\BurritoPOS\BurritoPOS\service\Sockets\AuthenticationSvcSocketImpl.cs:156) 
DEBUG 2012-06-13 12:55:53,578 [9] - INPUT | Burrito POS Server Connected. Enter Username: : (C:\Users\james.bloom\Documents\Visual Studio 2010\Projects\BurritoPOS\BurritoPOS\service\Sockets\AuthenticationSvcSocketImpl.cs:164) 
DEBUG 2012-06-13 12:55:53,578 [9] - OUPUT | JimB : (C:\Users\james.bloom\Documents\Visual Studio 2010\Projects\BurritoPOS\BurritoPOS\service\Sockets\AuthenticationSvcSocketImpl.cs:138) 
DEBUG 2012-06-13 12:55:53,579 [9] - In readObject : (C:\Users\james.bloom\Documents\Visual Studio 2010\Projects\BurritoPOS\BurritoPOS\service\Sockets\AuthenticationSvcSocketImpl.cs:156) 
DEBUG 2012-06-13 12:55:53,779 [9] - INPUT | OK User JimB, enter password: : (C:\Users\james.bloom\Documents\Visual Studio 2010\Projects\BurritoPOS\BurritoPOS\service\Sockets\AuthenticationSvcSocketImpl.cs:164) 
DEBUG 2012-06-13 12:55:53,779 [9] - OUPUT | pass123 : (C:\Users\james.bloom\Documents\Visual Studio 2010\Projects\BurritoPOS\BurritoPOS\service\Sockets\AuthenticationSvcSocketImpl.cs:138) 
DEBUG 2012-06-13 12:55:53,779 [9] - In readObject : (C:\Users\james.bloom\Documents\Visual Studio 2010\Projects\BurritoPOS\BurritoPOS\service\Sockets\AuthenticationSvcSocketImpl.cs:156) 
DEBUG 2012-06-13 12:55:53,979 [9] - INPUT | ERROR Invalid Credentials. Enter Username: : (C:\Users\james.bloom\Documents\Visual Studio 2010\Projects\BurritoPOS\BurritoPOS\service\Sockets\AuthenticationSvcSocketImpl.cs:164) 
DEBUG 2012-06-13 12:55:53,979 [9] - OUPUT | exit : (C:\Users\james.bloom\Documents\Visual Studio 2010\Projects\BurritoPOS\BurritoPOS\service\Sockets\AuthenticationSvcSocketImpl.cs:138) 
DEBUG 2012-06-13 12:56:02,188 [9] - User/Pass are good : (C:\Users\james.bloom\Documents\Visual Studio 2010\Projects\BurritoPOS\BurritoPOS\presentation\LoginUI.cs:62) 
DEBUG 2012-06-13 12:56:02,189 [9] - Local address and port: 192.168.117.1 | 8000 : (C:\Users\james.bloom\Documents\Visual Studio 2010\Projects\BurritoPOS\BurritoPOS\service\Sockets\AuthenticationSvcSocketImpl.cs:48) 
DEBUG 2012-06-13 12:56:02,189 [9] - In readObject : (C:\Users\james.bloom\Documents\Visual Studio 2010\Projects\BurritoPOS\BurritoPOS\service\Sockets\AuthenticationSvcSocketImpl.cs:156) 
DEBUG 2012-06-13 12:56:02,617 [9] - INPUT | Burrito POS Server Connected. Enter Username: : (C:\Users\james.bloom\Documents\Visual Studio 2010\Projects\BurritoPOS\BurritoPOS\service\Sockets\AuthenticationSvcSocketImpl.cs:164) 
DEBUG 2012-06-13 12:56:02,617 [9] - OUPUT | JimB : (C:\Users\james.bloom\Documents\Visual Studio 2010\Projects\BurritoPOS\BurritoPOS\service\Sockets\AuthenticationSvcSocketImpl.cs:138) 
DEBUG 2012-06-13 12:56:02,617 [9] - In readObject : (C:\Users\james.bloom\Documents\Visual Studio 2010\Projects\BurritoPOS\BurritoPOS\service\Sockets\AuthenticationSvcSocketImpl.cs:156) 
DEBUG 2012-06-13 12:56:02,795 [9] - INPUT | OK User JimB, enter password: : (C:\Users\james.bloom\Documents\Visual Studio 2010\Projects\BurritoPOS\BurritoPOS\service\Sockets\AuthenticationSvcSocketImpl.cs:164) 
DEBUG 2012-06-13 12:56:02,795 [9] - OUPUT | pass123 : (C:\Users\james.bloom\Documents\Visual Studio 2010\Projects\BurritoPOS\BurritoPOS\service\Sockets\AuthenticationSvcSocketImpl.cs:138) 
DEBUG 2012-06-13 12:56:02,795 [9] - In readObject : (C:\Users\james.bloom\Documents\Visual Studio 2010\Projects\BurritoPOS\BurritoPOS\service\Sockets\AuthenticationSvcSocketImpl.cs:156) 
DEBUG 2012-06-13 12:56:03,488 [9] - INPUT | OK User verified. Enter command: : (C:\Users\james.bloom\Documents\Visual Studio 2010\Projects\BurritoPOS\BurritoPOS\service\Sockets\AuthenticationSvcSocketImpl.cs:164) 
DEBUG 2012-06-13 12:56:03,488 [9] - OUPUT | exit : (C:\Users\james.bloom\Documents\Visual Studio 2010\Projects\BurritoPOS\BurritoPOS\service\Sockets\AuthenticationSvcSocketImpl.cs:138) 
DEBUG 2012-06-13 12:56:03,488 [9] - User authenticated; launching Neato Burrito App : (C:\Users\james.bloom\Documents\Visual Studio 2010\Projects\BurritoPOS\BurritoPOS\presentation\LoginUI.cs:68) 
DEBUG 2012-06-13 12:56:03,514 [9] - In getServicename: IBurritoSvc : (C:\Users\james.bloom\Documents\Visual Studio 2010\Projects\BurritoPOS\BurritoPOS\service\Factory.cs:59) 
DEBUG 2012-06-13 12:56:03,515 [9] - Got BurritoPOS.service.Mongo.BurritoSvcMongoImpl from properties.xml file for name: IBurritoSvc : (C:\Users\james.bloom\Documents\Visual Studio 2010\Projects\BurritoPOS\BurritoPOS\service\Factory.cs:89) 
DEBUG 2012-06-13 12:56:03,528 [9] - In createInventory : (C:\Users\james.bloom\Documents\Visual Studio 2010\Projects\BurritoPOS\BurritoPOS\business\InventoryManager.cs:50) 
DEBUG 2012-06-13 12:56:03,529 [9] - Validating inventory object : (C:\Users\james.bloom\Documents\Visual Studio 2010\Projects\BurritoPOS\BurritoPOS\business\InventoryManager.cs:55) 
 INFO 2012-06-13 12:56:03,535 [9] - Entering method storeInventory | ID: 909680720 : (C:\Users\james.bloom\Documents\Visual Studio 2010\Projects\BurritoPOS\BurritoPOS\service\Mongo\InventorySvcMongoImpl.cs:122) 
DEBUG 2012-06-13 12:56:03,653 [9] - Finding if inventory exists : (C:\Users\james.bloom\Documents\Visual Studio 2010\Projects\BurritoPOS\BurritoPOS\service\Mongo\InventorySvcMongoImpl.cs:137) 
DEBUG 2012-06-13 12:56:03,698 [9] - Inserting inventory : (C:\Users\james.bloom\Documents\Visual Studio 2010\Projects\BurritoPOS\BurritoPOS\service\Mongo\InventorySvcMongoImpl.cs:166) 
DEBUG 2012-06-13 12:56:03,726 [9] - createInventory result: True : (C:\Users\james.bloom\Documents\Visual Studio 2010\Projects\BurritoPOS\BurritoPOS\business\InventoryManager.cs:68) 
DEBUG 2012-06-13 12:57:43,358 [10] - curKey: IBurritoSvcvalue: BurritoPOS.service.Mongo.BurritoSvcMongoImplhashmap size: 1 : (C:\Users\james.bloom\Documents\Visual Studio 2010\Projects\BurritoPOS\BurritoPOS\service\Factory.cs:164) 
DEBUG 2012-06-13 12:57:43,379 [10] - curKey: ICustomerSvcvalue: BurritoPOS.service.Mongo.CustomerSvcMongoImplhashmap size: 2 : (C:\Users\james.bloom\Documents\Visual Studio 2010\Projects\BurritoPOS\BurritoPOS\service\Factory.cs:164) 
DEBUG 2012-06-13 12:57:43,379 [10] - curKey: IEmployeeSvcvalue: BurritoPOS.service.Mongo.EmployeeSvcMongoImplhashmap size: 3 : (C:\Users\james.bloom\Documents\Visual Studio 2010\Projects\BurritoPOS\BurritoPOS\service\Factory.cs:164) 
DEBUG 2012-06-13 12:57:43,380 [10] - curKey: IInventorySvcvalue: BurritoPOS.service.Mongo.InventorySvcMongoImplhashmap size: 4 : (C:\Users\james.bloom\Documents\Visual Studio 2010\Projects\BurritoPOS\BurritoPOS\service\Factory.cs:164) 
DEBUG 2012-06-13 12:57:43,380 [10] - curKey: IManagerSvcvalue: BurritoPOS.service.Mongo.ManagerSvcMongoImplhashmap size: 5 : (C:\Users\james.bloom\Documents\Visual Studio 2010\Projects\BurritoPOS\BurritoPOS\service\Factory.cs:164) 
DEBUG 2012-06-13 12:57:43,389 [10] - curKey: IOrderSvcvalue: BurritoPOS.service.Mongo.OrderSvcMongoImplhashmap size: 6 : (C:\Users\james.bloom\Documents\Visual Studio 2010\Projects\BurritoPOS\BurritoPOS\service\Factory.cs:164) 
DEBUG 2012-06-13 12:57:43,390 [10] - curKey: IAuthenticationSvcvalue: BurritoPOS.service.AuthenticationSvcSocketImplhashmap size: 7 : (C:\Users\james.bloom\Documents\Visual Studio 2010\Projects\BurritoPOS\BurritoPOS\service\Factory.cs:164) 
DEBUG 2012-06-13 12:57:43,478 [10] - In getServicename: IBurritoSvc : (C:\Users\james.bloom\Documents\Visual Studio 2010\Projects\BurritoPOS\BurritoPOS\service\Factory.cs:59) 
DEBUG 2012-06-13 12:57:43,480 [10] - Got BurritoPOS.service.Mongo.BurritoSvcMongoImpl from properties.xml file for name: IBurritoSvc : (C:\Users\james.bloom\Documents\Visual Studio 2010\Projects\BurritoPOS\BurritoPOS\service\Factory.cs:89) 
DEBUG 2012-06-13 12:57:54,434 [10] - User/Pass are good : (C:\Users\james.bloom\Documents\Visual Studio 2010\Projects\BurritoPOS\BurritoPOS\presentation\LoginUI.cs:62) 
DEBUG 2012-06-13 12:57:54,439 [10] - Local address and port: 192.168.117.1 | 8000 : (C:\Users\james.bloom\Documents\Visual Studio 2010\Projects\BurritoPOS\BurritoPOS\service\Sockets\AuthenticationSvcSocketImpl.cs:48) 
DEBUG 2012-06-13 12:57:54,440 [10] - In readObject : (C:\Users\james.bloom\Documents\Visual Studio 2010\Projects\BurritoPOS\BurritoPOS\service\Sockets\AuthenticationSvcSocketImpl.cs:156) 
DEBUG 2012-06-13 12:57:54,796 [10] - INPUT | Burrito POS Server Connected. Enter Username: : (C:\Users\james.bloom\Documents\Visual Studio 2010\Projects\BurritoPOS\BurritoPOS\service\Sockets\AuthenticationSvcSocketImpl.cs:164) 
DEBUG 2012-06-13 12:57:54,797 [10] - OUPUT | JimB : (C:\Users\james.bloom\Documents\Visual Studio 2010\Projects\BurritoPOS\BurritoPOS\service\Sockets\AuthenticationSvcSocketImpl.cs:138) 
DEBUG 2012-06-13 12:57:54,797 [10] - In readObject : (C:\Users\james.bloom\Documents\Visual Studio 2010\Projects\BurritoPOS\BurritoPOS\service\Sockets\AuthenticationSvcSocketImpl.cs:156) 
DEBUG 2012-06-13 12:57:55,056 [10] - INPUT | OK User JimB, enter password: : (C:\Users\james.bloom\Documents\Visual Studio 2010\Projects\BurritoPOS\BurritoPOS\service\Sockets\AuthenticationSvcSocketImpl.cs:164) 
DEBUG 2012-06-13 12:57:55,056 [10] - OUPUT | pass123 : (C:\Users\james.bloom\Documents\Visual Studio 2010\Projects\BurritoPOS\BurritoPOS\service\Sockets\AuthenticationSvcSocketImpl.cs:138) 
DEBUG 2012-06-13 12:57:55,057 [10] - In readObject : (C:\Users\james.bloom\Documents\Visual Studio 2010\Projects\BurritoPOS\BurritoPOS\service\Sockets\AuthenticationSvcSocketImpl.cs:156) 
DEBUG 2012-06-13 12:57:55,566 [10] - INPUT | OK User verified. Enter command: : (C:\Users\james.bloom\Documents\Visual Studio 2010\Projects\BurritoPOS\BurritoPOS\service\Sockets\AuthenticationSvcSocketImpl.cs:164) 
DEBUG 2012-06-13 12:57:55,566 [10] - OUPUT | exit : (C:\Users\james.bloom\Documents\Visual Studio 2010\Projects\BurritoPOS\BurritoPOS\service\Sockets\AuthenticationSvcSocketImpl.cs:138) 
DEBUG 2012-06-13 12:57:55,567 [10] - User authenticated; launching Neato Burrito App : (C:\Users\james.bloom\Documents\Visual Studio 2010\Projects\BurritoPOS\BurritoPOS\presentation\LoginUI.cs:68) 
DEBUG 2012-06-13 12:57:55,601 [10] - In getServicename: IBurritoSvc : (C:\Users\james.bloom\Documents\Visual Studio 2010\Projects\BurritoPOS\BurritoPOS\service\Factory.cs:59) 
DEBUG 2012-06-13 12:57:55,603 [10] - Got BurritoPOS.service.Mongo.BurritoSvcMongoImpl from properties.xml file for name: IBurritoSvc : (C:\Users\james.bloom\Documents\Visual Studio 2010\Projects\BurritoPOS\BurritoPOS\service\Factory.cs:89) 
DEBUG 2012-06-13 12:57:55,638 [10] - In createInventory : (C:\Users\james.bloom\Documents\Visual Studio 2010\Projects\BurritoPOS\BurritoPOS\business\InventoryManager.cs:50) 
DEBUG 2012-06-13 12:57:55,638 [10] - Validating inventory object : (C:\Users\james.bloom\Documents\Visual Studio 2010\Projects\BurritoPOS\BurritoPOS\business\InventoryManager.cs:55) 
 INFO 2012-06-13 12:57:55,645 [10] - Entering method storeInventory | ID: 1094775594 : (C:\Users\james.bloom\Documents\Visual Studio 2010\Projects\BurritoPOS\BurritoPOS\service\Mongo\InventorySvcMongoImpl.cs:122) 
DEBUG 2012-06-13 12:57:55,768 [10] - Finding if inventory exists : (C:\Users\james.bloom\Documents\Visual Studio 2010\Projects\BurritoPOS\BurritoPOS\service\Mongo\InventorySvcMongoImpl.cs:137) 
DEBUG 2012-06-13 12:57:55,780 [10] - Inserting inventory : (C:\Users\james.bloom\Documents\Visual Studio 2010\Projects\BurritoPOS\BurritoPOS\service\Mongo\InventorySvcMongoImpl.cs:166) 
DEBUG 2012-06-13 12:57:55,809 [10] - createInventory result: True : (C:\Users\james.bloom\Documents\Visual Studio 2010\Projects\BurritoPOS\BurritoPOS\business\InventoryManager.cs:68) 
DEBUG 2012-06-13 12:58:43,898 [8] - curKey: IBurritoSvcvalue: BurritoPOS.service.Mongo.BurritoSvcMongoImplhashmap size: 1 : (C:\Users\james.bloom\Documents\Visual Studio 2010\Projects\BurritoPOS\BurritoPOS\service\Factory.cs:164) 
DEBUG 2012-06-13 12:58:43,918 [8] - curKey: ICustomerSvcvalue: BurritoPOS.service.Mongo.CustomerSvcMongoImplhashmap size: 2 : (C:\Users\james.bloom\Documents\Visual Studio 2010\Projects\BurritoPOS\BurritoPOS\service\Factory.cs:164) 
DEBUG 2012-06-13 12:58:43,918 [8] - curKey: IEmployeeSvcvalue: BurritoPOS.service.Mongo.EmployeeSvcMongoImplhashmap size: 3 : (C:\Users\james.bloom\Documents\Visual Studio 2010\Projects\BurritoPOS\BurritoPOS\service\Factory.cs:164) 
DEBUG 2012-06-13 12:58:43,919 [8] - curKey: IInventorySvcvalue: BurritoPOS.service.Mongo.InventorySvcMongoImplhashmap size: 4 : (C:\Users\james.bloom\Documents\Visual Studio 2010\Projects\BurritoPOS\BurritoPOS\service\Factory.cs:164) 
DEBUG 2012-06-13 12:58:43,919 [8] - curKey: IManagerSvcvalue: BurritoPOS.service.Mongo.ManagerSvcMongoImplhashmap size: 5 : (C:\Users\james.bloom\Documents\Visual Studio 2010\Projects\BurritoPOS\BurritoPOS\service\Factory.cs:164) 
DEBUG 2012-06-13 12:58:43,944 [8] - curKey: IOrderSvcvalue: BurritoPOS.service.Mongo.OrderSvcMongoImplhashmap size: 6 : (C:\Users\james.bloom\Documents\Visual Studio 2010\Projects\BurritoPOS\BurritoPOS\service\Factory.cs:164) 
DEBUG 2012-06-13 12:58:43,944 [8] - curKey: IAuthenticationSvcvalue: BurritoPOS.service.AuthenticationSvcSocketImplhashmap size: 7 : (C:\Users\james.bloom\Documents\Visual Studio 2010\Projects\BurritoPOS\BurritoPOS\service\Factory.cs:164) 
DEBUG 2012-06-13 12:58:44,031 [8] - In getServicename: IBurritoSvc : (C:\Users\james.bloom\Documents\Visual Studio 2010\Projects\BurritoPOS\BurritoPOS\service\Factory.cs:59) 
DEBUG 2012-06-13 12:58:44,033 [8] - Got BurritoPOS.service.Mongo.BurritoSvcMongoImpl from properties.xml file for name: IBurritoSvc : (C:\Users\james.bloom\Documents\Visual Studio 2010\Projects\BurritoPOS\BurritoPOS\service\Factory.cs:89) 
DEBUG 2012-06-13 13:01:10,306 [10] - curKey: IBurritoSvcvalue: BurritoPOS.service.Mongo.BurritoSvcMongoImplhashmap size: 1 : (C:\Users\james.bloom\Documents\Visual Studio 2010\Projects\BurritoPOS\BurritoPOS\service\Factory.cs:164) 
DEBUG 2012-06-13 13:01:10,326 [10] - curKey: ICustomerSvcvalue: BurritoPOS.service.Mongo.CustomerSvcMongoImplhashmap size: 2 : (C:\Users\james.bloom\Documents\Visual Studio 2010\Projects\BurritoPOS\BurritoPOS\service\Factory.cs:164) 
DEBUG 2012-06-13 13:01:10,327 [10] - curKey: IEmployeeSvcvalue: BurritoPOS.service.Mongo.EmployeeSvcMongoImplhashmap size: 3 : (C:\Users\james.bloom\Documents\Visual Studio 2010\Projects\BurritoPOS\BurritoPOS\service\Factory.cs:164) 
DEBUG 2012-06-13 13:01:10,327 [10] - curKey: IInventorySvcvalue: BurritoPOS.service.Mongo.InventorySvcMongoImplhashmap size: 4 : (C:\Users\james.bloom\Documents\Visual Studio 2010\Projects\BurritoPOS\BurritoPOS\service\Factory.cs:164) 
DEBUG 2012-06-13 13:01:10,328 [10] - curKey: IManagerSvcvalue: BurritoPOS.service.Mongo.ManagerSvcMongoImplhashmap size: 5 : (C:\Users\james.bloom\Documents\Visual Studio 2010\Projects\BurritoPOS\BurritoPOS\service\Factory.cs:164) 
DEBUG 2012-06-13 13:01:10,340 [10] - curKey: IOrderSvcvalue: BurritoPOS.service.Mongo.OrderSvcMongoImplhashmap size: 6 : (C:\Users\james.bloom\Documents\Visual Studio 2010\Projects\BurritoPOS\BurritoPOS\service\Factory.cs:164) 
DEBUG 2012-06-13 13:01:10,340 [10] - curKey: IAuthenticationSvcvalue: BurritoPOS.service.AuthenticationSvcSocketImplhashmap size: 7 : (C:\Users\james.bloom\Documents\Visual Studio 2010\Projects\BurritoPOS\BurritoPOS\service\Factory.cs:164) 
DEBUG 2012-06-13 13:01:10,430 [10] - In getServicename: IBurritoSvc : (C:\Users\james.bloom\Documents\Visual Studio 2010\Projects\BurritoPOS\BurritoPOS\service\Factory.cs:59) 
DEBUG 2012-06-13 13:01:10,435 [10] - Got BurritoPOS.service.Mongo.BurritoSvcMongoImpl from properties.xml file for name: IBurritoSvc : (C:\Users\james.bloom\Documents\Visual Studio 2010\Projects\BurritoPOS\BurritoPOS\service\Factory.cs:89) 
